0 verbose cli /usr/local/bin/node /usr/local/lib/node_modules/npm/bin/npm-cli.js
1 info using npm@11.6.2
2 info using node@v24.11.1
3 silly config load:file:/usr/local/lib/node_modules/npm/npmrc
4 silly config load:file:/Users/3designs/456 Coffee/456 Coffee Ecosystem (Version 1.0)/backend/.npmrc
5 silly config load:file:/Users/3designs/.npmrc
6 silly config load:file:/usr/local/etc/npmrc
7 verbose title npm exec prisma generate
8 verbose argv "exec" "--" "prisma" "generate"
9 verbose logfile logs-max:10 dir:/Users/3designs/456 Coffee/456 Coffee Ecosystem (Version 1.0)/backend/.npm-cache/_logs/2026-04-08T05_06_30_856Z-
10 verbose logfile /Users/3designs/456 Coffee/456 Coffee Ecosystem (Version 1.0)/backend/.npm-cache/_logs/2026-04-08T05_06_30_856Z-debug-0.log
11 silly logfile done cleaning log files
12 silly packumentCache heap:4496293888 maxSize:1124073472 maxEntrySize:562036736
13 http fetch GET 200 https://registry.npmjs.org/prisma 377ms (cache revalidated)
14 silly packumentCache heap:4496293888 maxSize:1124073472 maxEntrySize:562036736
15 silly packumentCache heap:4496293888 maxSize:1124073472 maxEntrySize:562036736
16 verbose cwd /Users/3designs/456 Coffee/456 Coffee Ecosystem (Version 1.0)/backend
17 verbose os Darwin 25.2.0
18 verbose node v24.11.1
19 verbose npm  v11.6.2
20 verbose exit 1
21 verbose code 1
