0 verbose cli /usr/local/bin/node /usr/local/lib/node_modules/npm/bin/npm-cli.js
1 info using npm@11.6.2
2 info using node@v24.11.1
3 silly config load:file:/usr/local/lib/node_modules/npm/npmrc
4 silly config load:file:/Users/3designs/456 Coffee/456 Coffee Ecosystem (Version 1.0)/backend/.npmrc
5 silly config load:file:/Users/3designs/.npmrc
6 silly config load:file:/usr/local/etc/npmrc
7 verbose title npm exec prisma init
8 verbose argv "exec" "--" "prisma" "init"
9 verbose logfile logs-max:10 dir:/Users/3designs/456 Coffee/456 Coffee Ecosystem (Version 1.0)/backend/.npm-cache/_logs/2026-04-08T04_05_10_267Z-
10 verbose logfile /Users/3designs/456 Coffee/456 Coffee Ecosystem (Version 1.0)/backend/.npm-cache/_logs/2026-04-08T04_05_10_267Z-debug-0.log
11 silly logfile done cleaning log files
12 silly packumentCache heap:4496293888 maxSize:1124073472 maxEntrySize:562036736
13 http fetch GET 200 https://registry.npmjs.org/prisma 5177ms (cache miss)
14 silly packumentCache heap:4496293888 maxSize:1124073472 maxEntrySize:562036736
15 silly packumentCache heap:4496293888 maxSize:1124073472 maxEntrySize:562036736
16 silly idealTree buildDeps
17 silly fetch manifest prisma@7.7.0
18 silly packumentCache full:https://registry.npmjs.org/prisma cache-miss
19 http cache https://registry.npmjs.org/prisma 41ms (cache hit)
20 silly packumentCache full:https://registry.npmjs.org/prisma set size:43121986 disposed:false
21 silly fetch manifest better-sqlite3@>=9.0.0
22 silly packumentCache full:https://registry.npmjs.org/better-sqlite3 cache-miss
23 http cache https://registry.npmjs.org/better-sqlite3 2ms (cache hit)
24 silly packumentCache full:https://registry.npmjs.org/better-sqlite3 set size:372287 disposed:false
25 silly fetch manifest typescript@>=5.4.0
26 silly packumentCache full:https://registry.npmjs.org/typescript cache-miss
27 http cache https://registry.npmjs.org/typescript 14ms (cache hit)
28 silly packumentCache full:https://registry.npmjs.org/typescript set size:15399465 disposed:false
29 silly placeDep ROOT prisma@7.7.0 OK for:  want: 7.7.0
30 silly fetch manifest @prisma/dev@0.24.3
31 silly packumentCache full:https://registry.npmjs.org/@prisma%2fdev cache-miss
32 silly fetch manifest @prisma/studio-core@0.27.3
33 silly packumentCache full:https://registry.npmjs.org/@prisma%2fstudio-core cache-miss
34 silly fetch manifest mysql2@3.15.3
35 silly packumentCache full:https://registry.npmjs.org/mysql2 cache-miss
36 silly fetch manifest postgres@3.4.7
37 silly packumentCache full:https://registry.npmjs.org/postgres cache-miss
38 silly fetch manifest @prisma/config@7.7.0
39 silly packumentCache full:https://registry.npmjs.org/@prisma%2fconfig cache-miss
40 silly fetch manifest @prisma/engines@7.7.0
41 silly packumentCache full:https://registry.npmjs.org/@prisma%2fengines cache-miss
42 http fetch GET 200 https://registry.npmjs.org/@prisma%2fdev 301ms (cache miss)
43 silly packumentCache full:https://registry.npmjs.org/@prisma%2fdev set size:undefined disposed:false
44 http fetch GET 200 https://registry.npmjs.org/mysql2 1058ms (cache miss)
45 silly packumentCache full:https://registry.npmjs.org/mysql2 set size:undefined disposed:false
46 http fetch GET 200 https://registry.npmjs.org/postgres 1335ms (cache miss)
47 silly packumentCache full:https://registry.npmjs.org/postgres set size:undefined disposed:false
48 http fetch GET 200 https://registry.npmjs.org/@prisma%2fconfig 1467ms (cache miss)
49 silly packumentCache full:https://registry.npmjs.org/@prisma%2fconfig set size:undefined disposed:false
50 http fetch GET 200 https://registry.npmjs.org/@prisma%2fstudio-core 1671ms (cache miss)
51 silly packumentCache full:https://registry.npmjs.org/@prisma%2fstudio-core set size:undefined disposed:false
52 http fetch GET 200 https://registry.npmjs.org/@prisma%2fengines 3476ms (cache miss)
53 silly packumentCache full:https://registry.npmjs.org/@prisma%2fengines set size:undefined disposed:false
54 silly fetch manifest @types/react@^18.0.0 || ^19.0.0
55 silly packumentCache full:https://registry.npmjs.org/@types%2freact cache-miss
56 http fetch GET 200 https://registry.npmjs.org/@types%2freact 360ms (cache miss)
57 silly packumentCache full:https://registry.npmjs.org/@types%2freact set size:undefined disposed:false
58 silly fetch manifest react@^18.0.0 || ^19.0.0
59 silly packumentCache full:https://registry.npmjs.org/react cache-miss
60 http fetch GET 200 https://registry.npmjs.org/react 662ms (cache miss)
61 silly packumentCache full:https://registry.npmjs.org/react set size:undefined disposed:false
62 silly fetch manifest react-dom@^18.0.0 || ^19.0.0
63 silly packumentCache full:https://registry.npmjs.org/react-dom cache-miss
64 http fetch GET 200 https://registry.npmjs.org/react-dom 1531ms (cache miss)
65 silly packumentCache full:https://registry.npmjs.org/react-dom set size:undefined disposed:false
66 silly placeDep ROOT @prisma/config@7.7.0 OK for: prisma@7.7.0 want: 7.7.0
67 silly placeDep ROOT @prisma/dev@0.24.3 OK for: prisma@7.7.0 want: 0.24.3
68 silly placeDep ROOT @prisma/engines@7.7.0 OK for: prisma@7.7.0 want: 7.7.0
69 silly placeDep ROOT @prisma/studio-core@0.27.3 OK for: prisma@7.7.0 want: 0.27.3
70 silly placeDep ROOT @types/react@19.2.14 OK for: @prisma/studio-core@0.27.3 want: ^18.0.0 || ^19.0.0
71 silly placeDep ROOT react@19.2.4 OK for: @prisma/studio-core@0.27.3 want: ^18.0.0 || ^19.0.0
72 silly placeDep ROOT react-dom@19.2.4 OK for: @prisma/studio-core@0.27.3 want: ^18.0.0 || ^19.0.0
73 silly placeDep ROOT mysql2@3.15.3 OK for: prisma@7.7.0 want: 3.15.3
74 silly placeDep ROOT postgres@3.4.7 OK for: prisma@7.7.0 want: 3.4.7
75 silly fetch manifest c12@3.1.0
76 silly packumentCache full:https://registry.npmjs.org/c12 cache-miss
77 silly fetch manifest deepmerge-ts@7.1.5
78 silly packumentCache full:https://registry.npmjs.org/deepmerge-ts cache-miss
79 silly fetch manifest effect@3.20.0
80 silly packumentCache full:https://registry.npmjs.org/effect cache-miss
81 silly fetch manifest empathic@2.0.0
82 silly packumentCache full:https://registry.npmjs.org/empathic cache-miss
83 silly fetch manifest hono@^4.12.8
84 silly packumentCache full:https://registry.npmjs.org/hono cache-miss
85 silly fetch manifest pathe@2.0.3
86 silly packumentCache full:https://registry.npmjs.org/pathe cache-miss
87 silly fetch manifest remeda@2.33.4
88 silly packumentCache full:https://registry.npmjs.org/remeda cache-miss
89 silly fetch manifest std-env@3.10.0
90 silly packumentCache full:https://registry.npmjs.org/std-env cache-miss
91 silly fetch manifest valibot@1.2.0
92 silly packumentCache full:https://registry.npmjs.org/valibot cache-miss
93 http fetch GET 200 https://registry.npmjs.org/pathe 4177ms (cache miss)
94 silly packumentCache full:https://registry.npmjs.org/pathe set size:undefined disposed:false
95 silly fetch manifest zeptomatch@2.1.0
96 silly packumentCache full:https://registry.npmjs.org/zeptomatch cache-miss
97 http fetch GET 200 https://registry.npmjs.org/remeda 4286ms (cache miss)
98 silly packumentCache full:https://registry.npmjs.org/remeda set size:undefined disposed:false
99 silly fetch manifest get-port-please@3.2.0
100 silly packumentCache full:https://registry.npmjs.org/get-port-please cache-miss
101 http fetch GET 200 https://registry.npmjs.org/valibot 4395ms (cache miss)
102 silly packumentCache full:https://registry.npmjs.org/valibot set size:undefined disposed:false
103 silly fetch manifest proper-lockfile@4.1.2
104 silly packumentCache full:https://registry.npmjs.org/proper-lockfile cache-miss
105 http fetch GET 200 https://registry.npmjs.org/zeptomatch 367ms (cache miss)
106 silly packumentCache full:https://registry.npmjs.org/zeptomatch set size:undefined disposed:false
107 silly fetch manifest foreground-child@3.3.1
108 silly packumentCache full:https://registry.npmjs.org/foreground-child cache-miss
109 http fetch GET 200 https://registry.npmjs.org/hono 4548ms (cache miss)
110 silly packumentCache full:https://registry.npmjs.org/hono set size:undefined disposed:false
111 silly fetch manifest @hono/node-server@1.19.11
112 silly packumentCache full:https://registry.npmjs.org/@hono%2fnode-server cache-miss
113 http cache https://registry.npmjs.org/foreground-child 27ms (cache hit)
114 silly packumentCache full:https://registry.npmjs.org/foreground-child set size:71503 disposed:false
115 silly fetch manifest http-status-codes@2.3.0
116 silly packumentCache full:https://registry.npmjs.org/http-status-codes cache-miss
117 http fetch GET 200 https://registry.npmjs.org/proper-lockfile 178ms (cache miss)
118 silly packumentCache full:https://registry.npmjs.org/proper-lockfile set size:undefined disposed:false
119 silly fetch manifest @electric-sql/pglite@0.4.1
120 silly packumentCache full:https://registry.npmjs.org/@electric-sql%2fpglite cache-miss
121 http fetch GET 200 https://registry.npmjs.org/empathic 4576ms (cache miss)
122 silly packumentCache full:https://registry.npmjs.org/empathic set size:undefined disposed:false
123 silly fetch manifest @prisma/get-platform@7.2.0
124 silly packumentCache full:https://registry.npmjs.org/@prisma%2fget-platform cache-miss
125 http fetch GET 200 https://registry.npmjs.org/get-port-please 299ms (cache miss)
126 silly packumentCache full:https://registry.npmjs.org/get-port-please set size:undefined disposed:false
127 silly fetch manifest @prisma/streams-local@0.1.2
128 silly packumentCache full:https://registry.npmjs.org/@prisma%2fstreams-local cache-miss
129 http fetch GET 200 https://registry.npmjs.org/effect 4674ms (cache miss)
130 silly packumentCache full:https://registry.npmjs.org/effect set size:undefined disposed:false
131 silly fetch manifest @electric-sql/pglite-tools@0.3.1
132 silly packumentCache full:https://registry.npmjs.org/@electric-sql%2fpglite-tools cache-miss
133 http fetch GET 200 https://registry.npmjs.org/std-env 4809ms (cache miss)
134 silly packumentCache full:https://registry.npmjs.org/std-env set size:undefined disposed:false
135 silly fetch manifest @electric-sql/pglite-socket@0.1.1
136 silly packumentCache full:https://registry.npmjs.org/@electric-sql%2fpglite-socket cache-miss
137 http fetch GET 200 https://registry.npmjs.org/deepmerge-ts 5073ms (cache miss)
138 silly packumentCache full:https://registry.npmjs.org/deepmerge-ts set size:undefined disposed:false
139 silly fetch manifest @prisma/query-plan-executor@7.2.0
140 silly packumentCache full:https://registry.npmjs.org/@prisma%2fquery-plan-executor cache-miss
141 http fetch GET 200 https://registry.npmjs.org/@hono%2fnode-server 746ms (cache miss)
142 silly packumentCache full:https://registry.npmjs.org/@hono%2fnode-server set size:undefined disposed:false
143 silly fetch manifest @prisma/engines-version@7.6.0-1.75cbdc1eb7150937890ad5465d861175c6624711
144 silly packumentCache full:https://registry.npmjs.org/@prisma%2fengines-version cache-miss
145 http fetch GET 200 https://registry.npmjs.org/@electric-sql%2fpglite-tools 620ms (cache miss)
146 silly packumentCache full:https://registry.npmjs.org/@electric-sql%2fpglite-tools set size:undefined disposed:false
147 silly fetch manifest @prisma/debug@7.7.0
148 silly packumentCache full:https://registry.npmjs.org/@prisma%2fdebug cache-miss
149 http fetch GET 200 https://registry.npmjs.org/@prisma%2fstreams-local 831ms (cache miss)
150 silly packumentCache full:https://registry.npmjs.org/@prisma%2fstreams-local set size:undefined disposed:false
151 silly fetch manifest @prisma/fetch-engine@7.7.0
152 silly packumentCache full:https://registry.npmjs.org/@prisma%2ffetch-engine cache-miss
153 http fetch GET 200 https://registry.npmjs.org/http-status-codes 1049ms (cache miss)
154 silly packumentCache full:https://registry.npmjs.org/http-status-codes set size:undefined disposed:false
155 silly fetch manifest @prisma/get-platform@7.7.0
156 silly packumentCache full:https://registry.npmjs.org/@prisma%2fget-platform cache-miss
157 http fetch GET 200 https://registry.npmjs.org/@electric-sql%2fpglite-socket 821ms (cache miss)
158 silly packumentCache full:https://registry.npmjs.org/@electric-sql%2fpglite-socket set size:undefined disposed:false
159 silly fetch manifest @radix-ui/react-toggle@1.1.10
160 silly packumentCache full:https://registry.npmjs.org/@radix-ui%2freact-toggle cache-miss
161 http fetch GET 200 https://registry.npmjs.org/@electric-sql%2fpglite 1117ms (cache miss)
162 silly packumentCache full:https://registry.npmjs.org/@electric-sql%2fpglite set size:undefined disposed:false
163 silly fetch manifest chart.js@4.5.1
164 silly packumentCache full:https://registry.npmjs.org/chart.js cache-miss
165 http fetch GET 200 https://registry.npmjs.org/c12 6025ms (cache miss)
166 silly packumentCache full:https://registry.npmjs.org/c12 set size:undefined disposed:false
167 silly fetch manifest scheduler@^0.27.0
168 silly packumentCache full:https://registry.npmjs.org/scheduler cache-miss
169 http fetch GET 200 https://registry.npmjs.org/@radix-ui%2freact-toggle 762ms (cache miss)
170 silly packumentCache full:https://registry.npmjs.org/@radix-ui%2freact-toggle set size:undefined disposed:false
171 silly fetch manifest csstype@^3.2.2
172 silly packumentCache full:https://registry.npmjs.org/csstype cache-miss
173 http fetch GET 200 https://registry.npmjs.org/@prisma%2fquery-plan-executor 1705ms (cache miss)
174 silly packumentCache full:https://registry.npmjs.org/@prisma%2fquery-plan-executor set size:undefined disposed:false
175 silly fetch manifest long@^5.2.1
176 silly packumentCache full:https://registry.npmjs.org/long cache-miss
177 http fetch GET 200 https://registry.npmjs.org/csstype 688ms (cache miss)
178 silly packumentCache full:https://registry.npmjs.org/csstype set size:undefined disposed:false
179 silly fetch manifest denque@^2.1.0
180 silly packumentCache full:https://registry.npmjs.org/denque cache-miss
181 http fetch GET 200 https://registry.npmjs.org/long 452ms (cache miss)
182 silly packumentCache full:https://registry.npmjs.org/long set size:undefined disposed:false
183 silly fetch manifest lru.min@^1.0.0
184 silly packumentCache full:https://registry.npmjs.org/lru.min cache-miss
185 http fetch GET 200 https://registry.npmjs.org/chart.js 1630ms (cache miss)
186 silly packumentCache full:https://registry.npmjs.org/chart.js set size:undefined disposed:false
187 silly fetch manifest seq-queue@^0.0.5
188 silly packumentCache full:https://registry.npmjs.org/seq-queue cache-miss
189 http fetch GET 200 https://registry.npmjs.org/@prisma%2fengines-version 2057ms (cache miss)
190 silly packumentCache full:https://registry.npmjs.org/@prisma%2fengines-version set size:undefined disposed:false
191 silly fetch manifest sqlstring@^2.3.2
192 silly packumentCache full:https://registry.npmjs.org/sqlstring cache-miss
193 http fetch GET 200 https://registry.npmjs.org/denque 450ms (cache miss)
194 silly packumentCache full:https://registry.npmjs.org/denque set size:undefined disposed:false
195 silly fetch manifest iconv-lite@^0.7.0
196 silly packumentCache full:https://registry.npmjs.org/iconv-lite cache-miss
197 http cache https://registry.npmjs.org/iconv-lite 2ms (cache hit)
198 silly packumentCache full:https://registry.npmjs.org/iconv-lite set size:120557 disposed:false
199 silly fetch manifest aws-ssl-profiles@^1.1.1
200 silly packumentCache full:https://registry.npmjs.org/aws-ssl-profiles cache-miss
201 http fetch GET 200 https://registry.npmjs.org/lru.min 312ms (cache miss)
202 silly packumentCache full:https://registry.npmjs.org/lru.min set size:undefined disposed:false
203 silly fetch manifest generate-function@^2.3.1
204 silly packumentCache full:https://registry.npmjs.org/generate-function cache-miss
205 http fetch GET 200 https://registry.npmjs.org/seq-queue 414ms (cache miss)
206 silly packumentCache full:https://registry.npmjs.org/seq-queue set size:undefined disposed:false
207 silly fetch manifest named-placeholders@^1.1.3
208 silly packumentCache full:https://registry.npmjs.org/named-placeholders cache-miss
209 http fetch GET 200 https://registry.npmjs.org/@prisma%2fget-platform 3327ms (cache miss)
210 silly packumentCache full:https://registry.npmjs.org/@prisma%2fget-platform set size:undefined disposed:false
211 http fetch GET 200 https://registry.npmjs.org/sqlstring 581ms (cache miss)
212 silly packumentCache full:https://registry.npmjs.org/sqlstring set size:undefined disposed:false
213 http fetch GET 200 https://registry.npmjs.org/generate-function 421ms (cache miss)
214 silly packumentCache full:https://registry.npmjs.org/generate-function set size:undefined disposed:false
215 http fetch GET 200 https://registry.npmjs.org/aws-ssl-profiles 437ms (cache miss)
216 silly packumentCache full:https://registry.npmjs.org/aws-ssl-profiles set size:undefined disposed:false
217 http fetch GET 200 https://registry.npmjs.org/named-placeholders 421ms (cache miss)
218 silly packumentCache full:https://registry.npmjs.org/named-placeholders set size:undefined disposed:false
219 http fetch GET 200 https://registry.npmjs.org/scheduler 3598ms (cache miss)
220 silly packumentCache full:https://registry.npmjs.org/scheduler set size:undefined disposed:false
221 http fetch GET 200 https://registry.npmjs.org/@prisma%2fget-platform 5621ms (cache miss)
222 silly packumentCache full:https://registry.npmjs.org/@prisma%2fget-platform set size:undefined disposed:false
223 http fetch GET 200 https://registry.npmjs.org/@prisma%2fdebug 6803ms (cache miss)
224 silly packumentCache full:https://registry.npmjs.org/@prisma%2fdebug set size:undefined disposed:false
225 http fetch GET 200 https://registry.npmjs.org/@prisma%2ffetch-engine 7947ms (cache miss)
226 silly packumentCache full:https://registry.npmjs.org/@prisma%2ffetch-engine set size:undefined disposed:false
227 silly fetch manifest magicast@^0.3.5
228 silly packumentCache full:https://registry.npmjs.org/magicast cache-miss
229 http fetch GET 200 https://registry.npmjs.org/magicast 515ms (cache miss)
230 silly packumentCache full:https://registry.npmjs.org/magicast set size:undefined disposed:false
231 silly placeDep ROOT c12@3.1.0 OK for: @prisma/config@7.7.0 want: 3.1.0
232 silly placeDep ROOT deepmerge-ts@7.1.5 OK for: @prisma/config@7.7.0 want: 7.1.5
233 silly placeDep ROOT effect@3.20.0 OK for: @prisma/config@7.7.0 want: 3.20.0
234 silly placeDep ROOT empathic@2.0.0 OK for: @prisma/config@7.7.0 want: 2.0.0
235 silly fetch manifest rc9@^2.1.2
236 silly packumentCache full:https://registry.npmjs.org/rc9 cache-miss
237 silly fetch manifest defu@^6.1.4
238 silly packumentCache full:https://registry.npmjs.org/defu cache-miss
239 silly fetch manifest jiti@^2.4.2
240 silly packumentCache full:https://registry.npmjs.org/jiti cache-miss
241 silly fetch manifest giget@^2.0.0
242 silly packumentCache full:https://registry.npmjs.org/giget cache-miss
243 silly fetch manifest ohash@^2.0.11
244 silly packumentCache full:https://registry.npmjs.org/ohash cache-miss
245 silly fetch manifest pathe@^2.0.3
246 silly packumentCache full:https://registry.npmjs.org/pathe cache-miss
247 silly fetch manifest dotenv@^16.6.1
248 silly packumentCache full:https://registry.npmjs.org/dotenv cache-miss
249 silly fetch manifest confbox@^0.2.2
250 silly packumentCache full:https://registry.npmjs.org/confbox cache-miss
251 silly fetch manifest exsolve@^1.0.7
252 silly packumentCache full:https://registry.npmjs.org/exsolve cache-miss
253 http cache https://registry.npmjs.org/pathe 7ms (cache hit)
254 silly packumentCache full:https://registry.npmjs.org/pathe set size:68788 disposed:false
255 silly fetch manifest chokidar@^4.0.3
256 silly packumentCache full:https://registry.npmjs.org/chokidar cache-miss
257 http cache https://registry.npmjs.org/jiti 8ms (cache hit)
258 silly packumentCache full:https://registry.npmjs.org/jiti set size:382310 disposed:false
259 silly fetch manifest pkg-types@^2.2.0
260 silly packumentCache full:https://registry.npmjs.org/pkg-types cache-miss
261 http cache https://registry.npmjs.org/chokidar 6ms (cache hit)
262 silly packumentCache full:https://registry.npmjs.org/chokidar set size:255902 disposed:false
263 silly fetch manifest perfect-debounce@^1.0.0
264 silly packumentCache full:https://registry.npmjs.org/perfect-debounce cache-miss
265 http fetch GET 200 https://registry.npmjs.org/rc9 81ms (cache miss)
266 silly packumentCache full:https://registry.npmjs.org/rc9 set size:undefined disposed:false
267 silly fetch manifest fast-check@^3.23.1
268 silly packumentCache full:https://registry.npmjs.org/fast-check cache-miss
269 http fetch GET 200 https://registry.npmjs.org/defu 188ms (cache miss)
270 silly packumentCache full:https://registry.npmjs.org/defu set size:undefined disposed:false
271 silly fetch manifest @standard-schema/spec@^1.0.0
272 silly packumentCache full:https://registry.npmjs.org/@standard-schema%2fspec cache-miss
273 http fetch GET 200 https://registry.npmjs.org/giget 189ms (cache miss)
274 silly packumentCache full:https://registry.npmjs.org/giget set size:undefined disposed:false
275 http fetch GET 200 https://registry.npmjs.org/pkg-types 179ms (cache miss)
276 silly packumentCache full:https://registry.npmjs.org/pkg-types set size:undefined disposed:false
277 http fetch GET 200 https://registry.npmjs.org/dotenv 245ms (cache miss)
278 silly packumentCache full:https://registry.npmjs.org/dotenv set size:undefined disposed:false
279 http fetch GET 200 https://registry.npmjs.org/fast-check 168ms (cache miss)
280 silly packumentCache full:https://registry.npmjs.org/fast-check set size:undefined disposed:false
281 http fetch GET 200 https://registry.npmjs.org/exsolve 295ms (cache miss)
282 silly packumentCache full:https://registry.npmjs.org/exsolve set size:undefined disposed:false
283 http fetch GET 200 https://registry.npmjs.org/@standard-schema%2fspec 117ms (cache miss)
284 silly packumentCache full:https://registry.npmjs.org/@standard-schema%2fspec set size:undefined disposed:false
285 http fetch GET 200 https://registry.npmjs.org/perfect-debounce 294ms (cache miss)
286 silly packumentCache full:https://registry.npmjs.org/perfect-debounce set size:undefined disposed:false
287 http fetch GET 200 https://registry.npmjs.org/confbox 740ms (cache miss)
288 silly packumentCache full:https://registry.npmjs.org/confbox set size:undefined disposed:false
289 http fetch GET 200 https://registry.npmjs.org/ohash 1045ms (cache miss)
290 silly packumentCache full:https://registry.npmjs.org/ohash set size:undefined disposed:false
291 silly fetch manifest typescript@>=5
292 silly packumentCache full:https://registry.npmjs.org/typescript cache-miss
293 http cache https://registry.npmjs.org/typescript 23ms (cache hit)
294 silly packumentCache full:https://registry.npmjs.org/typescript set size:15399465 disposed:false
295 silly placeDep ROOT @electric-sql/pglite@0.4.1 OK for: @prisma/dev@0.24.3 want: 0.4.1
296 silly placeDep ROOT @electric-sql/pglite-socket@0.1.1 OK for: @prisma/dev@0.24.3 want: 0.1.1
297 silly placeDep ROOT @electric-sql/pglite-tools@0.3.1 OK for: @prisma/dev@0.24.3 want: 0.3.1
298 silly placeDep ROOT @hono/node-server@1.19.11 OK for: @prisma/dev@0.24.3 want: 1.19.11
299 silly placeDep ROOT hono@4.12.12 OK for: @hono/node-server@1.19.11 want: ^4
300 silly placeDep ROOT @prisma/get-platform@7.2.0 OK for: @prisma/dev@0.24.3 want: 7.2.0
301 silly placeDep ROOT @prisma/query-plan-executor@7.2.0 OK for: @prisma/dev@0.24.3 want: 7.2.0
302 silly placeDep ROOT @prisma/streams-local@0.1.2 OK for: @prisma/dev@0.24.3 want: 0.1.2
303 silly placeDep ROOT foreground-child@3.3.1 OK for: @prisma/dev@0.24.3 want: 3.3.1
304 silly placeDep ROOT get-port-please@3.2.0 OK for: @prisma/dev@0.24.3 want: 3.2.0
305 silly placeDep ROOT http-status-codes@2.3.0 OK for: @prisma/dev@0.24.3 want: 2.3.0
306 silly placeDep ROOT pathe@2.0.3 OK for: @prisma/dev@0.24.3 want: 2.0.3
307 silly placeDep ROOT proper-lockfile@4.1.2 OK for: @prisma/dev@0.24.3 want: 4.1.2
308 silly placeDep ROOT remeda@2.33.4 OK for: @prisma/dev@0.24.3 want: 2.33.4
309 silly placeDep ROOT std-env@3.10.0 OK for: @prisma/dev@0.24.3 want: 3.10.0
310 silly placeDep ROOT valibot@1.2.0 OK for: @prisma/dev@0.24.3 want: 1.2.0
311 silly placeDep ROOT zeptomatch@2.1.0 OK for: @prisma/dev@0.24.3 want: 2.1.0
312 silly fetch manifest @prisma/debug@7.2.0
313 silly packumentCache full:https://registry.npmjs.org/@prisma%2fdebug cache-miss
314 silly fetch manifest ajv@^8.12.0
315 silly packumentCache full:https://registry.npmjs.org/ajv cache-miss
316 silly fetch manifest env-paths@^3.0.0
317 silly packumentCache full:https://registry.npmjs.org/env-paths cache-miss
318 silly fetch manifest better-result@^2.7.0
319 silly packumentCache full:https://registry.npmjs.org/better-result cache-miss
320 silly fetch manifest proper-lockfile@^4.1.2
321 silly packumentCache full:https://registry.npmjs.org/proper-lockfile cache-miss
322 silly fetch manifest cross-spawn@^7.0.6
323 silly packumentCache full:https://registry.npmjs.org/cross-spawn cache-miss
324 silly fetch manifest signal-exit@^4.0.1
325 silly packumentCache full:https://registry.npmjs.org/signal-exit cache-miss
326 silly fetch manifest graceful-fs@^4.2.4
327 silly packumentCache full:https://registry.npmjs.org/graceful-fs cache-miss
328 silly fetch manifest retry@^0.12.0
329 silly packumentCache full:https://registry.npmjs.org/retry cache-miss
330 http cache https://registry.npmjs.org/proper-lockfile 10ms (cache hit)
331 silly packumentCache full:https://registry.npmjs.org/proper-lockfile set size:82421 disposed:false
332 silly fetch manifest signal-exit@^3.0.2
333 silly packumentCache full:https://registry.npmjs.org/signal-exit cache-miss
334 http cache https://registry.npmjs.org/signal-exit 12ms (cache hit)
335 silly packumentCache full:https://registry.npmjs.org/signal-exit set size:53489 disposed:false
336 silly fetch manifest grammex@^3.1.11
337 silly packumentCache full:https://registry.npmjs.org/grammex cache-miss
338 http cache https://registry.npmjs.org/cross-spawn 14ms (cache hit)
339 silly packumentCache full:https://registry.npmjs.org/cross-spawn set size:109066 disposed:false
340 silly fetch manifest graphmatch@^1.1.0
341 silly packumentCache full:https://registry.npmjs.org/graphmatch cache-miss
342 http cache https://registry.npmjs.org/ajv 17ms (cache hit)
343 silly packumentCache full:https://registry.npmjs.org/ajv set size:1120197 disposed:false
344 http cache https://registry.npmjs.org/@prisma%2fdebug 38ms (cache hit)
345 silly packumentCache full:https://registry.npmjs.org/@prisma%2fdebug set size:28661807 disposed:false
346 http cache https://registry.npmjs.org/graceful-fs 118ms (cache hit)
347 silly packumentCache full:https://registry.npmjs.org/graceful-fs set size:124285 disposed:false
348 http cache https://registry.npmjs.org/signal-exit 108ms (cache hit)
349 silly packumentCache full:https://registry.npmjs.org/signal-exit set size:53489 disposed:false
350 silly packumentCache full:https://registry.npmjs.org/signal-exit dispose
351 http fetch GET 200 https://registry.npmjs.org/env-paths 200ms (cache miss)
352 silly packumentCache full:https://registry.npmjs.org/env-paths set size:undefined disposed:false
353 http fetch GET 200 https://registry.npmjs.org/graphmatch 407ms (cache miss)
354 silly packumentCache full:https://registry.npmjs.org/graphmatch set size:undefined disposed:false
355 http fetch GET 200 https://registry.npmjs.org/retry 424ms (cache miss)
356 silly packumentCache full:https://registry.npmjs.org/retry set size:undefined disposed:false
357 http fetch GET 200 https://registry.npmjs.org/better-result 488ms (cache miss)
358 silly packumentCache full:https://registry.npmjs.org/better-result set size:undefined disposed:false
359 http fetch GET 200 https://registry.npmjs.org/grammex 1046ms (cache miss)
360 silly packumentCache full:https://registry.npmjs.org/grammex set size:undefined disposed:false
361 silly placeDep ROOT @prisma/debug@7.7.0 OK for: @prisma/engines@7.7.0 want: 7.7.0
362 silly placeDep ROOT @prisma/engines-version@7.6.0-1.75cbdc1eb7150937890ad5465d861175c6624711 OK for: @prisma/engines@7.7.0 want: 7.6.0-1.75cbdc1eb7150937890ad5465d861175c6624711
363 silly placeDep ROOT @prisma/fetch-engine@7.7.0 OK for: @prisma/engines@7.7.0 want: 7.7.0
364 silly placeDep node_modules/@prisma/engines @prisma/get-platform@7.7.0 OK for: @prisma/engines@7.7.0 want: 7.7.0
365 silly placeDep node_modules/@prisma/fetch-engine @prisma/get-platform@7.7.0 OK for: @prisma/fetch-engine@7.7.0 want: 7.7.0
366 silly placeDep node_modules/@prisma/get-platform @prisma/debug@7.2.0 OK for: @prisma/get-platform@7.2.0 want: 7.2.0
367 silly placeDep ROOT ajv@8.18.0 OK for: @prisma/streams-local@0.1.2 want: ^8.12.0
368 silly placeDep ROOT better-result@2.8.1 OK for: @prisma/streams-local@0.1.2 want: ^2.7.0
369 silly placeDep ROOT env-paths@3.0.0 OK for: @prisma/streams-local@0.1.2 want: ^3.0.0
370 silly fetch manifest fast-uri@^3.0.1
371 silly packumentCache full:https://registry.npmjs.org/fast-uri cache-miss
372 silly fetch manifest fast-deep-equal@^3.1.3
373 silly packumentCache full:https://registry.npmjs.org/fast-deep-equal cache-miss
374 silly fetch manifest require-from-string@^2.0.2
375 silly packumentCache full:https://registry.npmjs.org/require-from-string cache-miss
376 silly fetch manifest json-schema-traverse@^1.0.0
377 silly packumentCache full:https://registry.npmjs.org/json-schema-traverse cache-miss
378 http cache https://registry.npmjs.org/require-from-string 5ms (cache hit)
379 silly packumentCache full:https://registry.npmjs.org/require-from-string set size:15128 disposed:false
380 http cache https://registry.npmjs.org/json-schema-traverse 5ms (cache hit)
381 silly packumentCache full:https://registry.npmjs.org/json-schema-traverse set size:23537 disposed:false
382 http cache https://registry.npmjs.org/fast-deep-equal 6ms (cache hit)
383 silly packumentCache full:https://registry.npmjs.org/fast-deep-equal set size:48634 disposed:false
384 http cache https://registry.npmjs.org/fast-uri 7ms (cache hit)
385 silly packumentCache full:https://registry.npmjs.org/fast-uri set size:61472 disposed:false
386 silly fetch manifest @types/react-dom@*
387 silly packumentCache full:https://registry.npmjs.org/@types%2freact-dom cache-miss
388 http fetch GET 200 https://registry.npmjs.org/@types%2freact-dom 165ms (cache miss)
389 silly packumentCache full:https://registry.npmjs.org/@types%2freact-dom set size:undefined disposed:false
390 silly placeDep ROOT @radix-ui/react-toggle@1.1.10 OK for: @prisma/studio-core@0.27.3 want: 1.1.10
391 silly placeDep ROOT chart.js@4.5.1 OK for: @prisma/studio-core@0.27.3 want: 4.5.1
392 silly fetch manifest @radix-ui/primitive@1.1.3
393 silly packumentCache full:https://registry.npmjs.org/@radix-ui%2fprimitive cache-miss
394 silly fetch manifest @radix-ui/react-primitive@2.1.3
395 silly packumentCache full:https://registry.npmjs.org/@radix-ui%2freact-primitive cache-miss
396 silly fetch manifest @radix-ui/react-use-controllable-state@1.2.2
397 silly packumentCache full:https://registry.npmjs.org/@radix-ui%2freact-use-controllable-state cache-miss
398 silly fetch manifest @kurkle/color@^0.3.0
399 silly packumentCache full:https://registry.npmjs.org/@kurkle%2fcolor cache-miss
400 http fetch GET 200 https://registry.npmjs.org/@radix-ui%2fprimitive 151ms (cache miss)
401 silly packumentCache full:https://registry.npmjs.org/@radix-ui%2fprimitive set size:undefined disposed:false
402 http fetch GET 200 https://registry.npmjs.org/@radix-ui%2freact-use-controllable-state 162ms (cache miss)
403 silly packumentCache full:https://registry.npmjs.org/@radix-ui%2freact-use-controllable-state set size:undefined disposed:false
404 http fetch GET 200 https://registry.npmjs.org/@radix-ui%2freact-primitive 187ms (cache miss)
405 silly packumentCache full:https://registry.npmjs.org/@radix-ui%2freact-primitive set size:undefined disposed:false
406 http fetch GET 200 https://registry.npmjs.org/@kurkle%2fcolor 1150ms (cache miss)
407 silly packumentCache full:https://registry.npmjs.org/@kurkle%2fcolor set size:undefined disposed:false
408 silly fetch manifest @types/react@*
409 silly packumentCache full:https://registry.npmjs.org/@types%2freact cache-miss
410 http cache https://registry.npmjs.org/@types%2freact 6ms (cache hit)
411 silly packumentCache full:https://registry.npmjs.org/@types%2freact set size:2588964 disposed:false
412 silly fetch manifest react@^16.8 || ^17.0 || ^18.0 || ^19.0 || ^19.0.0-rc
413 silly packumentCache full:https://registry.npmjs.org/react cache-miss
414 http cache https://registry.npmjs.org/react 11ms (cache hit)
415 silly packumentCache full:https://registry.npmjs.org/react set size:6585005 disposed:false
416 silly fetch manifest react-dom@^16.8 || ^17.0 || ^18.0 || ^19.0 || ^19.0.0-rc
417 silly packumentCache full:https://registry.npmjs.org/react-dom cache-miss
418 http cache https://registry.npmjs.org/react-dom 13ms (cache hit)
419 silly packumentCache full:https://registry.npmjs.org/react-dom set size:8756153 disposed:false
420 silly placeDep ROOT @radix-ui/primitive@1.1.3 OK for: @radix-ui/react-toggle@1.1.10 want: 1.1.3
421 silly placeDep ROOT @radix-ui/react-primitive@2.1.3 OK for: @radix-ui/react-toggle@1.1.10 want: 2.1.3
422 silly placeDep ROOT @radix-ui/react-use-controllable-state@1.2.2 OK for: @radix-ui/react-toggle@1.1.10 want: 1.2.2
423 silly fetch manifest @radix-ui/react-slot@1.2.3
424 silly packumentCache full:https://registry.npmjs.org/@radix-ui%2freact-slot cache-miss
425 silly fetch manifest @radix-ui/react-use-effect-event@0.0.2
426 silly packumentCache full:https://registry.npmjs.org/@radix-ui%2freact-use-effect-event cache-miss
427 silly fetch manifest @radix-ui/react-use-layout-effect@1.1.1
428 silly packumentCache full:https://registry.npmjs.org/@radix-ui%2freact-use-layout-effect cache-miss
429 http fetch GET 200 https://registry.npmjs.org/@radix-ui%2freact-use-effect-event 623ms (cache miss)
430 silly packumentCache full:https://registry.npmjs.org/@radix-ui%2freact-use-effect-event set size:undefined disposed:false
431 http fetch GET 200 https://registry.npmjs.org/@radix-ui%2freact-use-layout-effect 632ms (cache miss)
432 silly packumentCache full:https://registry.npmjs.org/@radix-ui%2freact-use-layout-effect set size:undefined disposed:false
433 http fetch GET 200 https://registry.npmjs.org/@radix-ui%2freact-slot 635ms (cache miss)
434 silly packumentCache full:https://registry.npmjs.org/@radix-ui%2freact-slot set size:undefined disposed:false
435 silly placeDep ROOT @radix-ui/react-slot@1.2.3 OK for: @radix-ui/react-primitive@2.1.3 want: 1.2.3
436 silly fetch manifest @radix-ui/react-compose-refs@1.1.2
437 silly packumentCache full:https://registry.npmjs.org/@radix-ui%2freact-compose-refs cache-miss
438 http fetch GET 200 https://registry.npmjs.org/@radix-ui%2freact-compose-refs 125ms (cache miss)
439 silly packumentCache full:https://registry.npmjs.org/@radix-ui%2freact-compose-refs set size:undefined disposed:false
440 silly placeDep ROOT @radix-ui/react-compose-refs@1.1.2 OK for: @radix-ui/react-slot@1.2.3 want: 1.1.2
441 silly placeDep ROOT @radix-ui/react-use-effect-event@0.0.2 OK for: @radix-ui/react-use-controllable-state@1.2.2 want: 0.0.2
442 silly placeDep ROOT @radix-ui/react-use-layout-effect@1.1.1 OK for: @radix-ui/react-use-controllable-state@1.2.2 want: 1.1.1
443 silly placeDep ROOT csstype@3.2.3 OK for: @types/react@19.2.14 want: ^3.2.2
444 silly placeDep ROOT fast-deep-equal@3.1.3 OK for: ajv@8.18.0 want: ^3.1.3
445 silly placeDep ROOT fast-uri@3.1.0 OK for: ajv@8.18.0 want: ^3.0.1
446 silly placeDep ROOT json-schema-traverse@1.0.0 OK for: ajv@8.18.0 want: ^1.0.0
447 silly placeDep ROOT require-from-string@2.0.2 OK for: ajv@8.18.0 want: ^2.0.2
448 silly placeDep ROOT chokidar@4.0.3 OK for: c12@3.1.0 want: ^4.0.3
449 silly placeDep ROOT confbox@0.2.4 OK for: c12@3.1.0 want: ^0.2.2
450 silly placeDep ROOT defu@6.1.7 OK for: c12@3.1.0 want: ^6.1.4
451 silly placeDep ROOT dotenv@16.6.1 OK for: c12@3.1.0 want: ^16.6.1
452 silly placeDep ROOT exsolve@1.0.8 OK for: c12@3.1.0 want: ^1.0.7
453 silly placeDep ROOT giget@2.0.0 OK for: c12@3.1.0 want: ^2.0.0
454 silly placeDep ROOT jiti@2.6.1 OK for: c12@3.1.0 want: ^2.4.2
455 silly placeDep ROOT ohash@2.0.11 OK for: c12@3.1.0 want: ^2.0.11
456 silly placeDep ROOT perfect-debounce@1.0.0 OK for: c12@3.1.0 want: ^1.0.0
457 silly placeDep ROOT pkg-types@2.3.0 OK for: c12@3.1.0 want: ^2.2.0
458 silly placeDep ROOT rc9@2.1.2 OK for: c12@3.1.0 want: ^2.1.2
459 silly fetch manifest readdirp@^4.0.1
460 silly packumentCache full:https://registry.npmjs.org/readdirp cache-miss
461 silly fetch manifest nypm@^0.6.0
462 silly packumentCache full:https://registry.npmjs.org/nypm cache-miss
463 silly fetch manifest citty@^0.1.6
464 silly packumentCache full:https://registry.npmjs.org/citty cache-miss
465 silly fetch manifest consola@^3.4.0
466 silly packumentCache full:https://registry.npmjs.org/consola cache-miss
467 silly fetch manifest node-fetch-native@^1.6.6
468 silly packumentCache full:https://registry.npmjs.org/node-fetch-native cache-miss
469 silly fetch manifest destr@^2.0.3
470 silly packumentCache full:https://registry.npmjs.org/destr cache-miss
471 http cache https://registry.npmjs.org/readdirp 5ms (cache hit)
472 silly packumentCache full:https://registry.npmjs.org/readdirp set size:107589 disposed:false
473 http cache https://registry.npmjs.org/consola 6ms (cache hit)
474 silly packumentCache full:https://registry.npmjs.org/consola set size:324648 disposed:false
475 http fetch GET 200 https://registry.npmjs.org/destr 104ms (cache miss)
476 silly packumentCache full:https://registry.npmjs.org/destr set size:undefined disposed:false
477 http fetch GET 200 https://registry.npmjs.org/nypm 319ms (cache miss)
478 silly packumentCache full:https://registry.npmjs.org/nypm set size:undefined disposed:false
479 http fetch GET 200 https://registry.npmjs.org/node-fetch-native 321ms (cache miss)
480 silly packumentCache full:https://registry.npmjs.org/node-fetch-native set size:undefined disposed:false
481 http fetch GET 200 https://registry.npmjs.org/citty 323ms (cache miss)
482 silly packumentCache full:https://registry.npmjs.org/citty set size:undefined disposed:false
483 silly placeDep ROOT @kurkle/color@0.3.4 OK for: chart.js@4.5.1 want: ^0.3.0
484 silly placeDep ROOT readdirp@4.1.2 OK for: chokidar@4.0.3 want: ^4.0.1
485 silly placeDep ROOT @standard-schema/spec@1.1.0 OK for: effect@3.20.0 want: ^1.0.0
486 silly placeDep ROOT fast-check@3.23.2 OK for: effect@3.20.0 want: ^3.23.1
487 silly fetch manifest pure-rand@^6.1.0
488 silly packumentCache full:https://registry.npmjs.org/pure-rand cache-miss
489 http cache https://registry.npmjs.org/pure-rand 3ms (cache hit)
490 silly packumentCache full:https://registry.npmjs.org/pure-rand set size:185950 disposed:false
491 silly placeDep ROOT pure-rand@6.1.0 OK for: fast-check@3.23.2 want: ^6.1.0
492 silly placeDep ROOT cross-spawn@7.0.6 OK for: foreground-child@3.3.1 want: ^7.0.6
493 silly placeDep ROOT signal-exit@4.1.0 OK for: foreground-child@3.3.1 want: ^4.0.1
494 silly fetch manifest which@^2.0.1
495 silly packumentCache full:https://registry.npmjs.org/which cache-miss
496 silly fetch manifest path-key@^3.1.0
497 silly packumentCache full:https://registry.npmjs.org/path-key cache-miss
498 silly fetch manifest shebang-command@^2.0.0
499 silly packumentCache full:https://registry.npmjs.org/shebang-command cache-miss
500 http cache https://registry.npmjs.org/which 3ms (cache hit)
501 silly packumentCache full:https://registry.npmjs.org/which set size:67747 disposed:false
502 http cache https://registry.npmjs.org/path-key 3ms (cache hit)
503 silly packumentCache full:https://registry.npmjs.org/path-key set size:16975 disposed:false
504 http cache https://registry.npmjs.org/shebang-command 4ms (cache hit)
505 silly packumentCache full:https://registry.npmjs.org/shebang-command set size:8525 disposed:false
506 silly placeDep ROOT path-key@3.1.1 OK for: cross-spawn@7.0.6 want: ^3.1.0
507 silly placeDep ROOT shebang-command@2.0.0 OK for: cross-spawn@7.0.6 want: ^2.0.0
508 silly placeDep ROOT which@2.0.2 OK for: cross-spawn@7.0.6 want: ^2.0.1
509 silly fetch manifest shebang-regex@^3.0.0
510 silly packumentCache full:https://registry.npmjs.org/shebang-regex cache-miss
511 silly fetch manifest isexe@^2.0.0
512 silly packumentCache full:https://registry.npmjs.org/isexe cache-miss
513 http cache https://registry.npmjs.org/shebang-regex 2ms (cache hit)
514 silly packumentCache full:https://registry.npmjs.org/shebang-regex set size:9763 disposed:false
515 http cache https://registry.npmjs.org/isexe 2ms (cache hit)
516 silly packumentCache full:https://registry.npmjs.org/isexe set size:31756 disposed:false
517 silly placeDep ROOT citty@0.1.6 OK for: giget@2.0.0 want: ^0.1.6
518 silly placeDep ROOT consola@3.4.2 OK for: giget@2.0.0 want: ^3.4.0
519 silly placeDep ROOT node-fetch-native@1.6.7 OK for: giget@2.0.0 want: ^1.6.6
520 silly placeDep ROOT nypm@0.6.5 OK for: giget@2.0.0 want: ^0.6.0
521 silly fetch manifest consola@^3.2.3
522 silly packumentCache full:https://registry.npmjs.org/consola cache-hit
523 silly fetch manifest citty@^0.2.0
524 silly packumentCache full:https://registry.npmjs.org/citty cache-miss
525 silly fetch manifest tinyexec@^1.0.2
526 silly packumentCache full:https://registry.npmjs.org/tinyexec cache-miss
527 http cache https://registry.npmjs.org/citty 1ms (cache hit)
528 silly packumentCache full:https://registry.npmjs.org/citty set size:38582 disposed:false
529 http fetch GET 200 https://registry.npmjs.org/tinyexec 338ms (cache miss)
530 silly packumentCache full:https://registry.npmjs.org/tinyexec set size:undefined disposed:false
531 silly placeDep ROOT aws-ssl-profiles@1.1.2 OK for: mysql2@3.15.3 want: ^1.1.1
532 silly placeDep ROOT denque@2.1.0 OK for: mysql2@3.15.3 want: ^2.1.0
533 silly placeDep ROOT generate-function@2.3.1 OK for: mysql2@3.15.3 want: ^2.3.1
534 silly placeDep ROOT iconv-lite@0.7.2 OK for: mysql2@3.15.3 want: ^0.7.0
535 silly placeDep ROOT long@5.3.2 OK for: mysql2@3.15.3 want: ^5.2.1
536 silly placeDep ROOT lru.min@1.1.4 OK for: mysql2@3.15.3 want: ^1.0.0
537 silly placeDep ROOT named-placeholders@1.1.6 OK for: mysql2@3.15.3 want: ^1.1.3
538 silly placeDep ROOT seq-queue@0.0.5 OK for: mysql2@3.15.3 want: ^0.0.5
539 silly placeDep ROOT sqlstring@2.3.3 OK for: mysql2@3.15.3 want: ^2.3.2
540 silly fetch manifest is-property@^1.0.2
541 silly packumentCache full:https://registry.npmjs.org/is-property cache-miss
542 silly fetch manifest safer-buffer@>= 2.1.2 < 3.0.0
543 silly packumentCache full:https://registry.npmjs.org/safer-buffer cache-miss
544 http cache https://registry.npmjs.org/safer-buffer 3ms (cache hit)
545 silly packumentCache full:https://registry.npmjs.org/safer-buffer set size:18521 disposed:false
546 http fetch GET 200 https://registry.npmjs.org/is-property 72ms (cache miss)
547 silly packumentCache full:https://registry.npmjs.org/is-property set size:undefined disposed:false
548 silly placeDep ROOT is-property@1.0.2 OK for: generate-function@2.3.1 want: ^1.0.2
549 silly placeDep ROOT safer-buffer@2.1.2 OK for: iconv-lite@0.7.2 want: >= 2.1.2 < 3.0.0
550 silly placeDep node_modules/nypm citty@0.2.2 OK for: nypm@0.6.5 want: ^0.2.0
551 silly placeDep ROOT tinyexec@1.1.1 OK for: nypm@0.6.5 want: ^1.0.2
552 silly placeDep ROOT graceful-fs@4.2.11 OK for: proper-lockfile@4.1.2 want: ^4.2.4
553 silly placeDep ROOT retry@0.12.0 OK for: proper-lockfile@4.1.2 want: ^0.12.0
554 silly placeDep node_modules/proper-lockfile signal-exit@3.0.7 OK for: proper-lockfile@4.1.2 want: ^3.0.2
555 silly placeDep ROOT destr@2.0.5 OK for: rc9@2.1.2 want: ^2.0.3
556 silly placeDep ROOT scheduler@0.27.0 OK for: react-dom@19.2.4 want: ^0.27.0
557 silly placeDep ROOT shebang-regex@3.0.0 OK for: shebang-command@2.0.0 want: ^3.0.0
558 silly placeDep ROOT isexe@2.0.0 OK for: which@2.0.2 want: ^2.0.0
559 silly placeDep ROOT grammex@3.1.12 OK for: zeptomatch@2.1.0 want: ^3.1.11
560 silly placeDep ROOT graphmatch@1.1.1 OK for: zeptomatch@2.1.0 want: ^1.1.0
561 silly reify moves {}
562 silly audit bulk request {
562 silly audit   prisma: [ '7.7.0' ],
562 silly audit   '@prisma/config': [ '7.7.0' ],
562 silly audit   '@prisma/dev': [ '0.24.3' ],
562 silly audit   '@prisma/engines': [ '7.7.0' ],
562 silly audit   '@prisma/studio-core': [ '0.27.3' ],
562 silly audit   '@types/react': [ '19.2.14' ],
562 silly audit   react: [ '19.2.4' ],
562 silly audit   'react-dom': [ '19.2.4' ],
562 silly audit   mysql2: [ '3.15.3' ],
562 silly audit   postgres: [ '3.4.7' ],
562 silly audit   c12: [ '3.1.0' ],
562 silly audit   'deepmerge-ts': [ '7.1.5' ],
562 silly audit   effect: [ '3.20.0' ],
562 silly audit   empathic: [ '2.0.0' ],
562 silly audit   '@electric-sql/pglite': [ '0.4.1' ],
562 silly audit   '@electric-sql/pglite-socket': [ '0.1.1' ],
562 silly audit   '@electric-sql/pglite-tools': [ '0.3.1' ],
562 silly audit   '@hono/node-server': [ '1.19.11' ],
562 silly audit   hono: [ '4.12.12' ],
562 silly audit   '@prisma/get-platform': [ '7.2.0', '7.7.0' ],
562 silly audit   '@prisma/query-plan-executor': [ '7.2.0' ],
562 silly audit   '@prisma/streams-local': [ '0.1.2' ],
562 silly audit   'foreground-child': [ '3.3.1' ],
562 silly audit   'get-port-please': [ '3.2.0' ],
562 silly audit   'http-status-codes': [ '2.3.0' ],
562 silly audit   pathe: [ '2.0.3' ],
562 silly audit   'proper-lockfile': [ '4.1.2' ],
562 silly audit   remeda: [ '2.33.4' ],
562 silly audit   'std-env': [ '3.10.0' ],
562 silly audit   valibot: [ '1.2.0' ],
562 silly audit   zeptomatch: [ '2.1.0' ],
562 silly audit   '@prisma/debug': [ '7.7.0', '7.2.0' ],
562 silly audit   '@prisma/engines-version': [ '7.6.0-1.75cbdc1eb7150937890ad5465d861175c6624711' ],
562 silly audit   '@prisma/fetch-engine': [ '7.7.0' ],
562 silly audit   ajv: [ '8.18.0' ],
562 silly audit   'better-result': [ '2.8.1' ],
562 silly audit   'env-paths': [ '3.0.0' ],
562 silly audit   '@radix-ui/react-toggle': [ '1.1.10' ],
562 silly audit   'chart.js': [ '4.5.1' ],
562 silly audit   '@radix-ui/primitive': [ '1.1.3' ],
562 silly audit   '@radix-ui/react-primitive': [ '2.1.3' ],
562 silly audit   '@radix-ui/react-use-controllable-state': [ '1.2.2' ],
562 silly audit   '@radix-ui/react-slot': [ '1.2.3' ],
562 silly audit   '@radix-ui/react-compose-refs': [ '1.1.2' ],
562 silly audit   '@radix-ui/react-use-effect-event': [ '0.0.2' ],
562 silly audit   '@radix-ui/react-use-layout-effect': [ '1.1.1' ],
562 silly audit   csstype: [ '3.2.3' ],
562 silly audit   'fast-deep-equal': [ '3.1.3' ],
562 silly audit   'fast-uri': [ '3.1.0' ],
562 silly audit   'json-schema-traverse': [ '1.0.0' ],
562 silly audit   'require-from-string': [ '2.0.2' ],
562 silly audit   chokidar: [ '4.0.3' ],
562 silly audit   confbox: [ '0.2.4' ],
562 silly audit   defu: [ '6.1.7' ],
562 silly audit   dotenv: [ '16.6.1' ],
562 silly audit   exsolve: [ '1.0.8' ],
562 silly audit   giget: [ '2.0.0' ],
562 silly audit   jiti: [ '2.6.1' ],
562 silly audit   ohash: [ '2.0.11' ],
562 silly audit   'perfect-debounce': [ '1.0.0' ],
562 silly audit   'pkg-types': [ '2.3.0' ],
562 silly audit   rc9: [ '2.1.2' ],
562 silly audit   '@kurkle/color': [ '0.3.4' ],
562 silly audit   readdirp: [ '4.1.2' ],
562 silly audit   '@standard-schema/spec': [ '1.1.0' ],
562 silly audit   'fast-check': [ '3.23.2' ],
562 silly audit   'pure-rand': [ '6.1.0' ],
562 silly audit   'cross-spawn': [ '7.0.6' ],
562 silly audit   'signal-exit': [ '4.1.0', '3.0.7' ],
562 silly audit   'path-key': [ '3.1.1' ],
562 silly audit   'shebang-command': [ '2.0.0' ],
562 silly audit   which: [ '2.0.2' ],
562 silly audit   citty: [ '0.1.6', '0.2.2' ],
562 silly audit   consola: [ '3.4.2' ],
562 silly audit   'node-fetch-native': [ '1.6.7' ],
562 silly audit   nypm: [ '0.6.5' ],
562 silly audit   'aws-ssl-profiles': [ '1.1.2' ],
562 silly audit   denque: [ '2.1.0' ],
562 silly audit   'generate-function': [ '2.3.1' ],
562 silly audit   'iconv-lite': [ '0.7.2' ],
562 silly audit   long: [ '5.3.2' ],
562 silly audit   'lru.min': [ '1.1.4' ],
562 silly audit   'named-placeholders': [ '1.1.6' ],
562 silly audit   'seq-queue': [ '0.0.5' ],
562 silly audit   sqlstring: [ '2.3.3' ],
562 silly audit   'is-property': [ '1.0.2' ],
562 silly audit   'safer-buffer': [ '2.1.2' ],
562 silly audit   tinyexec: [ '1.1.1' ],
562 silly audit   'graceful-fs': [ '4.2.11' ],
562 silly audit   retry: [ '0.12.0' ],
562 silly audit   destr: [ '2.0.5' ],
562 silly audit   scheduler: [ '0.27.0' ],
562 silly audit   'shebang-regex': [ '3.0.0' ],
562 silly audit   isexe: [ '2.0.0' ],
562 silly audit   grammex: [ '3.1.12' ],
562 silly audit   graphmatch: [ '1.1.1' ]
562 silly audit }
563 http cache graphmatch@https://registry.npmjs.org/graphmatch/-/graphmatch-1.1.1.tgz 0ms (cache hit)
564 http cache isexe@https://registry.npmjs.org/isexe/-/isexe-2.0.0.tgz 0ms (cache hit)
565 http cache grammex@https://registry.npmjs.org/grammex/-/grammex-3.1.12.tgz 0ms (cache hit)
566 http cache shebang-regex@https://registry.npmjs.org/shebang-regex/-/shebang-regex-3.0.0.tgz 0ms (cache hit)
567 http cache scheduler@https://registry.npmjs.org/scheduler/-/scheduler-0.27.0.tgz 0ms (cache hit)
568 http cache destr@https://registry.npmjs.org/destr/-/destr-2.0.5.tgz 0ms (cache hit)
569 http cache retry@https://registry.npmjs.org/retry/-/retry-0.12.0.tgz 0ms (cache hit)
570 http cache tinyexec@https://registry.npmjs.org/tinyexec/-/tinyexec-1.1.1.tgz 0ms (cache hit)
571 http cache safer-buffer@https://registry.npmjs.org/safer-buffer/-/safer-buffer-2.1.2.tgz 0ms (cache hit)
572 http cache graceful-fs@https://registry.npmjs.org/graceful-fs/-/graceful-fs-4.2.11.tgz 0ms (cache hit)
573 http cache sqlstring@https://registry.npmjs.org/sqlstring/-/sqlstring-2.3.3.tgz 0ms (cache hit)
574 http cache named-placeholders@https://registry.npmjs.org/named-placeholders/-/named-placeholders-1.1.6.tgz 0ms (cache hit)
575 http cache lru.min@https://registry.npmjs.org/lru.min/-/lru.min-1.1.4.tgz 0ms (cache hit)
576 http cache seq-queue@https://registry.npmjs.org/seq-queue/-/seq-queue-0.0.5.tgz 0ms (cache hit)
577 http cache long@https://registry.npmjs.org/long/-/long-5.3.2.tgz 0ms (cache hit)
578 http cache iconv-lite@https://registry.npmjs.org/iconv-lite/-/iconv-lite-0.7.2.tgz 0ms (cache hit)
579 http cache generate-function@https://registry.npmjs.org/generate-function/-/generate-function-2.3.1.tgz 0ms (cache hit)
580 http cache aws-ssl-profiles@https://registry.npmjs.org/aws-ssl-profiles/-/aws-ssl-profiles-1.1.2.tgz 0ms (cache hit)
581 http cache is-property@https://registry.npmjs.org/is-property/-/is-property-1.0.2.tgz 0ms (cache hit)
582 http cache nypm@https://registry.npmjs.org/nypm/-/nypm-0.6.5.tgz 0ms (cache hit)
583 http cache node-fetch-native@https://registry.npmjs.org/node-fetch-native/-/node-fetch-native-1.6.7.tgz 0ms (cache hit)
584 http cache consola@https://registry.npmjs.org/consola/-/consola-3.4.2.tgz 0ms (cache hit)
585 http cache citty@https://registry.npmjs.org/citty/-/citty-0.1.6.tgz 0ms (cache hit)
586 http cache denque@https://registry.npmjs.org/denque/-/denque-2.1.0.tgz 0ms (cache hit)
587 http cache which@https://registry.npmjs.org/which/-/which-2.0.2.tgz 0ms (cache hit)
588 http cache shebang-command@https://registry.npmjs.org/shebang-command/-/shebang-command-2.0.0.tgz 0ms (cache hit)
589 http cache signal-exit@https://registry.npmjs.org/signal-exit/-/signal-exit-4.1.0.tgz 0ms (cache hit)
590 http cache path-key@https://registry.npmjs.org/path-key/-/path-key-3.1.1.tgz 0ms (cache hit)
591 http cache cross-spawn@https://registry.npmjs.org/cross-spawn/-/cross-spawn-7.0.6.tgz 0ms (cache hit)
592 http cache @standard-schema/spec@https://registry.npmjs.org/@standard-schema/spec/-/spec-1.1.0.tgz 0ms (cache hit)
593 http cache fast-check@https://registry.npmjs.org/fast-check/-/fast-check-3.23.2.tgz 0ms (cache hit)
594 http cache readdirp@https://registry.npmjs.org/readdirp/-/readdirp-4.1.2.tgz 0ms (cache hit)
595 http cache pure-rand@https://registry.npmjs.org/pure-rand/-/pure-rand-6.1.0.tgz 0ms (cache hit)
596 http cache @kurkle/color@https://registry.npmjs.org/@kurkle/color/-/color-0.3.4.tgz 0ms (cache hit)
597 http cache rc9@https://registry.npmjs.org/rc9/-/rc9-2.1.2.tgz 0ms (cache hit)
598 http cache ohash@https://registry.npmjs.org/ohash/-/ohash-2.0.11.tgz 0ms (cache hit)
599 http cache giget@https://registry.npmjs.org/giget/-/giget-2.0.0.tgz 0ms (cache hit)
600 http cache jiti@https://registry.npmjs.org/jiti/-/jiti-2.6.1.tgz 0ms (cache hit)
601 http cache exsolve@https://registry.npmjs.org/exsolve/-/exsolve-1.0.8.tgz 0ms (cache hit)
602 http cache pkg-types@https://registry.npmjs.org/pkg-types/-/pkg-types-2.3.0.tgz 0ms (cache hit)
603 http cache dotenv@https://registry.npmjs.org/dotenv/-/dotenv-16.6.1.tgz 0ms (cache hit)
604 http cache defu@https://registry.npmjs.org/defu/-/defu-6.1.7.tgz 0ms (cache hit)
605 http cache perfect-debounce@https://registry.npmjs.org/perfect-debounce/-/perfect-debounce-1.0.0.tgz 0ms (cache hit)
606 http cache confbox@https://registry.npmjs.org/confbox/-/confbox-0.2.4.tgz 0ms (cache hit)
607 http cache chokidar@https://registry.npmjs.org/chokidar/-/chokidar-4.0.3.tgz 0ms (cache hit)
608 http cache require-from-string@https://registry.npmjs.org/require-from-string/-/require-from-string-2.0.2.tgz 0ms (cache hit)
609 http cache fast-deep-equal@https://registry.npmjs.org/fast-deep-equal/-/fast-deep-equal-3.1.3.tgz 0ms (cache hit)
610 http cache fast-uri@https://registry.npmjs.org/fast-uri/-/fast-uri-3.1.0.tgz 0ms (cache hit)
611 http cache csstype@https://registry.npmjs.org/csstype/-/csstype-3.2.3.tgz 0ms (cache hit)
612 http cache json-schema-traverse@https://registry.npmjs.org/json-schema-traverse/-/json-schema-traverse-1.0.0.tgz 0ms (cache hit)
613 http cache @radix-ui/react-compose-refs@https://registry.npmjs.org/@radix-ui/react-compose-refs/-/react-compose-refs-1.1.2.tgz 0ms (cache hit)
614 http cache @radix-ui/react-use-layout-effect@https://registry.npmjs.org/@radix-ui/react-use-layout-effect/-/react-use-layout-effect-1.1.1.tgz 0ms (cache hit)
615 http cache @radix-ui/react-slot@https://registry.npmjs.org/@radix-ui/react-slot/-/react-slot-1.2.3.tgz 0ms (cache hit)
616 http cache chart.js@https://registry.npmjs.org/chart.js/-/chart.js-4.5.1.tgz 0ms (cache hit)
617 http cache @radix-ui/primitive@https://registry.npmjs.org/@radix-ui/primitive/-/primitive-1.1.3.tgz 0ms (cache hit)
618 http cache @radix-ui/react-use-effect-event@https://registry.npmjs.org/@radix-ui/react-use-effect-event/-/react-use-effect-event-0.0.2.tgz 0ms (cache hit)
619 http cache @radix-ui/react-use-controllable-state@https://registry.npmjs.org/@radix-ui/react-use-controllable-state/-/react-use-controllable-state-1.2.2.tgz 0ms (cache hit)
620 http cache @radix-ui/react-toggle@https://registry.npmjs.org/@radix-ui/react-toggle/-/react-toggle-1.1.10.tgz 0ms (cache hit)
621 http cache env-paths@https://registry.npmjs.org/env-paths/-/env-paths-3.0.0.tgz 0ms (cache hit)
622 http cache better-result@https://registry.npmjs.org/better-result/-/better-result-2.8.1.tgz 0ms (cache hit)
623 http cache @prisma/engines-version@https://registry.npmjs.org/@prisma/engines-version/-/engines-version-7.6.0-1.75cbdc1eb7150937890ad5465d861175c6624711.tgz 0ms (cache hit)
624 http cache @radix-ui/react-primitive@https://registry.npmjs.org/@radix-ui/react-primitive/-/react-primitive-2.1.3.tgz 0ms (cache hit)
625 http cache ajv@https://registry.npmjs.org/ajv/-/ajv-8.18.0.tgz 0ms (cache hit)
626 http cache @prisma/fetch-engine@https://registry.npmjs.org/@prisma/fetch-engine/-/fetch-engine-7.7.0.tgz 0ms (cache hit)
627 http cache std-env@https://registry.npmjs.org/std-env/-/std-env-3.10.0.tgz 0ms (cache hit)
628 http cache valibot@https://registry.npmjs.org/valibot/-/valibot-1.2.0.tgz 0ms (cache hit)
629 http cache zeptomatch@https://registry.npmjs.org/zeptomatch/-/zeptomatch-2.1.0.tgz 0ms (cache hit)
630 http cache pathe@https://registry.npmjs.org/pathe/-/pathe-2.0.3.tgz 0ms (cache hit)
631 http cache remeda@https://registry.npmjs.org/remeda/-/remeda-2.33.4.tgz 0ms (cache hit)
632 http cache proper-lockfile@https://registry.npmjs.org/proper-lockfile/-/proper-lockfile-4.1.2.tgz 0ms (cache hit)
633 http cache @prisma/debug@https://registry.npmjs.org/@prisma/debug/-/debug-7.7.0.tgz 0ms (cache hit)
634 http cache get-port-please@https://registry.npmjs.org/get-port-please/-/get-port-please-3.2.0.tgz 0ms (cache hit)
635 http cache http-status-codes@https://registry.npmjs.org/http-status-codes/-/http-status-codes-2.3.0.tgz 0ms (cache hit)
636 http cache @prisma/query-plan-executor@https://registry.npmjs.org/@prisma/query-plan-executor/-/query-plan-executor-7.2.0.tgz 0ms (cache hit)
637 http cache @hono/node-server@https://registry.npmjs.org/@hono/node-server/-/node-server-1.19.11.tgz 0ms (cache hit)
638 http cache @prisma/streams-local@https://registry.npmjs.org/@prisma/streams-local/-/streams-local-0.1.2.tgz 0ms (cache hit)
639 http cache @electric-sql/pglite-tools@https://registry.npmjs.org/@electric-sql/pglite-tools/-/pglite-tools-0.3.1.tgz 0ms (cache hit)
640 http cache foreground-child@https://registry.npmjs.org/foreground-child/-/foreground-child-3.3.1.tgz 0ms (cache hit)
641 http cache hono@https://registry.npmjs.org/hono/-/hono-4.12.12.tgz 0ms (cache hit)
642 http cache @electric-sql/pglite-socket@https://registry.npmjs.org/@electric-sql/pglite-socket/-/pglite-socket-0.1.1.tgz 0ms (cache hit)
643 http cache @electric-sql/pglite@https://registry.npmjs.org/@electric-sql/pglite/-/pglite-0.4.1.tgz 0ms (cache hit)
644 http cache empathic@https://registry.npmjs.org/empathic/-/empathic-2.0.0.tgz 0ms (cache hit)
645 http cache effect@https://registry.npmjs.org/effect/-/effect-3.20.0.tgz 0ms (cache hit)
646 http cache deepmerge-ts@https://registry.npmjs.org/deepmerge-ts/-/deepmerge-ts-7.1.5.tgz 0ms (cache hit)
647 http cache @prisma/get-platform@https://registry.npmjs.org/@prisma/get-platform/-/get-platform-7.2.0.tgz 0ms (cache hit)
648 http cache c12@https://registry.npmjs.org/c12/-/c12-3.1.0.tgz 0ms (cache hit)
649 http cache mysql2@https://registry.npmjs.org/mysql2/-/mysql2-3.15.3.tgz 0ms (cache hit)
650 http cache postgres@https://registry.npmjs.org/postgres/-/postgres-3.4.7.tgz 0ms (cache hit)
651 http cache @types/react@https://registry.npmjs.org/@types/react/-/react-19.2.14.tgz 0ms (cache hit)
652 http cache react@https://registry.npmjs.org/react/-/react-19.2.4.tgz 0ms (cache hit)
653 http cache @prisma/dev@https://registry.npmjs.org/@prisma/dev/-/dev-0.24.3.tgz 0ms (cache hit)
654 http cache @prisma/config@https://registry.npmjs.org/@prisma/config/-/config-7.7.0.tgz 0ms (cache hit)
655 http cache react-dom@https://registry.npmjs.org/react-dom/-/react-dom-19.2.4.tgz 0ms (cache hit)
656 http cache @prisma/engines@https://registry.npmjs.org/@prisma/engines/-/engines-7.7.0.tgz 0ms (cache hit)
657 http cache @prisma/studio-core@https://registry.npmjs.org/@prisma/studio-core/-/studio-core-0.27.3.tgz 0ms (cache hit)
658 http cache prisma@https://registry.npmjs.org/prisma/-/prisma-7.7.0.tgz 0ms (cache hit)
659 http cache @prisma/get-platform@https://registry.npmjs.org/@prisma/get-platform/-/get-platform-7.7.0.tgz 0ms (cache hit)
660 http cache signal-exit@https://registry.npmjs.org/signal-exit/-/signal-exit-3.0.7.tgz 0ms (cache hit)
661 http cache citty@https://registry.npmjs.org/citty/-/citty-0.2.2.tgz 0ms (cache hit)
662 silly tarball no local data for graphmatch@https://registry.npmjs.org/graphmatch/-/graphmatch-1.1.1.tgz. Extracting by manifest.
663 silly tarball no local data for grammex@https://registry.npmjs.org/grammex/-/grammex-3.1.12.tgz. Extracting by manifest.
664 silly tarball no local data for scheduler@https://registry.npmjs.org/scheduler/-/scheduler-0.27.0.tgz. Extracting by manifest.
665 silly tarball no local data for destr@https://registry.npmjs.org/destr/-/destr-2.0.5.tgz. Extracting by manifest.
666 silly tarball no local data for retry@https://registry.npmjs.org/retry/-/retry-0.12.0.tgz. Extracting by manifest.
667 silly tarball no local data for tinyexec@https://registry.npmjs.org/tinyexec/-/tinyexec-1.1.1.tgz. Extracting by manifest.
668 silly tarball no local data for sqlstring@https://registry.npmjs.org/sqlstring/-/sqlstring-2.3.3.tgz. Extracting by manifest.
669 silly tarball no local data for named-placeholders@https://registry.npmjs.org/named-placeholders/-/named-placeholders-1.1.6.tgz. Extracting by manifest.
670 silly tarball no local data for lru.min@https://registry.npmjs.org/lru.min/-/lru.min-1.1.4.tgz. Extracting by manifest.
671 silly tarball no local data for seq-queue@https://registry.npmjs.org/seq-queue/-/seq-queue-0.0.5.tgz. Extracting by manifest.
672 silly tarball no local data for long@https://registry.npmjs.org/long/-/long-5.3.2.tgz. Extracting by manifest.
673 silly tarball no local data for generate-function@https://registry.npmjs.org/generate-function/-/generate-function-2.3.1.tgz. Extracting by manifest.
674 silly tarball no local data for aws-ssl-profiles@https://registry.npmjs.org/aws-ssl-profiles/-/aws-ssl-profiles-1.1.2.tgz. Extracting by manifest.
675 http cache @prisma/get-platform@https://registry.npmjs.org/@prisma/get-platform/-/get-platform-7.7.0.tgz 0ms (cache hit)
676 silly tarball no local data for is-property@https://registry.npmjs.org/is-property/-/is-property-1.0.2.tgz. Extracting by manifest.
677 silly tarball no local data for nypm@https://registry.npmjs.org/nypm/-/nypm-0.6.5.tgz. Extracting by manifest.
678 silly tarball no local data for node-fetch-native@https://registry.npmjs.org/node-fetch-native/-/node-fetch-native-1.6.7.tgz. Extracting by manifest.
679 silly tarball no local data for citty@https://registry.npmjs.org/citty/-/citty-0.1.6.tgz. Extracting by manifest.
680 silly tarball no local data for denque@https://registry.npmjs.org/denque/-/denque-2.1.0.tgz. Extracting by manifest.
681 http cache @prisma/debug@https://registry.npmjs.org/@prisma/debug/-/debug-7.2.0.tgz 0ms (cache hit)
682 silly tarball no local data for @standard-schema/spec@https://registry.npmjs.org/@standard-schema/spec/-/spec-1.1.0.tgz. Extracting by manifest.
683 silly tarball no local data for fast-check@https://registry.npmjs.org/fast-check/-/fast-check-3.23.2.tgz. Extracting by manifest.
684 silly tarball no local data for pure-rand@https://registry.npmjs.org/pure-rand/-/pure-rand-6.1.0.tgz. Extracting by manifest.
685 silly tarball no local data for @kurkle/color@https://registry.npmjs.org/@kurkle/color/-/color-0.3.4.tgz. Extracting by manifest.
686 silly tarball no local data for rc9@https://registry.npmjs.org/rc9/-/rc9-2.1.2.tgz. Extracting by manifest.
687 silly tarball no local data for ohash@https://registry.npmjs.org/ohash/-/ohash-2.0.11.tgz. Extracting by manifest.
688 silly tarball no local data for giget@https://registry.npmjs.org/giget/-/giget-2.0.0.tgz. Extracting by manifest.
689 silly tarball no local data for jiti@https://registry.npmjs.org/jiti/-/jiti-2.6.1.tgz. Extracting by manifest.
690 silly tarball no local data for exsolve@https://registry.npmjs.org/exsolve/-/exsolve-1.0.8.tgz. Extracting by manifest.
691 silly tarball no local data for pkg-types@https://registry.npmjs.org/pkg-types/-/pkg-types-2.3.0.tgz. Extracting by manifest.
692 silly tarball no local data for dotenv@https://registry.npmjs.org/dotenv/-/dotenv-16.6.1.tgz. Extracting by manifest.
693 silly tarball no local data for defu@https://registry.npmjs.org/defu/-/defu-6.1.7.tgz. Extracting by manifest.
694 silly tarball no local data for perfect-debounce@https://registry.npmjs.org/perfect-debounce/-/perfect-debounce-1.0.0.tgz. Extracting by manifest.
695 silly tarball no local data for confbox@https://registry.npmjs.org/confbox/-/confbox-0.2.4.tgz. Extracting by manifest.
696 silly tarball no local data for csstype@https://registry.npmjs.org/csstype/-/csstype-3.2.3.tgz. Extracting by manifest.
697 silly tarball no local data for @radix-ui/react-compose-refs@https://registry.npmjs.org/@radix-ui/react-compose-refs/-/react-compose-refs-1.1.2.tgz. Extracting by manifest.
698 silly tarball no local data for @radix-ui/react-use-layout-effect@https://registry.npmjs.org/@radix-ui/react-use-layout-effect/-/react-use-layout-effect-1.1.1.tgz. Extracting by manifest.
699 silly tarball no local data for @radix-ui/react-slot@https://registry.npmjs.org/@radix-ui/react-slot/-/react-slot-1.2.3.tgz. Extracting by manifest.
700 silly tarball no local data for chart.js@https://registry.npmjs.org/chart.js/-/chart.js-4.5.1.tgz. Extracting by manifest.
701 silly tarball no local data for @radix-ui/primitive@https://registry.npmjs.org/@radix-ui/primitive/-/primitive-1.1.3.tgz. Extracting by manifest.
702 silly tarball no local data for @radix-ui/react-use-effect-event@https://registry.npmjs.org/@radix-ui/react-use-effect-event/-/react-use-effect-event-0.0.2.tgz. Extracting by manifest.
703 silly tarball no local data for @radix-ui/react-use-controllable-state@https://registry.npmjs.org/@radix-ui/react-use-controllable-state/-/react-use-controllable-state-1.2.2.tgz. Extracting by manifest.
704 silly tarball no local data for @radix-ui/react-toggle@https://registry.npmjs.org/@radix-ui/react-toggle/-/react-toggle-1.1.10.tgz. Extracting by manifest.
705 silly tarball no local data for env-paths@https://registry.npmjs.org/env-paths/-/env-paths-3.0.0.tgz. Extracting by manifest.
706 silly tarball no local data for better-result@https://registry.npmjs.org/better-result/-/better-result-2.8.1.tgz. Extracting by manifest.
707 silly tarball no local data for @prisma/engines-version@https://registry.npmjs.org/@prisma/engines-version/-/engines-version-7.6.0-1.75cbdc1eb7150937890ad5465d861175c6624711.tgz. Extracting by manifest.
708 silly tarball no local data for @radix-ui/react-primitive@https://registry.npmjs.org/@radix-ui/react-primitive/-/react-primitive-2.1.3.tgz. Extracting by manifest.
709 silly tarball no local data for @prisma/fetch-engine@https://registry.npmjs.org/@prisma/fetch-engine/-/fetch-engine-7.7.0.tgz. Extracting by manifest.
710 silly tarball no local data for std-env@https://registry.npmjs.org/std-env/-/std-env-3.10.0.tgz. Extracting by manifest.
711 silly tarball no local data for valibot@https://registry.npmjs.org/valibot/-/valibot-1.2.0.tgz. Extracting by manifest.
712 silly tarball no local data for zeptomatch@https://registry.npmjs.org/zeptomatch/-/zeptomatch-2.1.0.tgz. Extracting by manifest.
713 silly tarball no local data for pathe@https://registry.npmjs.org/pathe/-/pathe-2.0.3.tgz. Extracting by manifest.
714 silly tarball no local data for remeda@https://registry.npmjs.org/remeda/-/remeda-2.33.4.tgz. Extracting by manifest.
715 silly tarball no local data for proper-lockfile@https://registry.npmjs.org/proper-lockfile/-/proper-lockfile-4.1.2.tgz. Extracting by manifest.
716 silly tarball no local data for @prisma/debug@https://registry.npmjs.org/@prisma/debug/-/debug-7.7.0.tgz. Extracting by manifest.
717 silly tarball no local data for get-port-please@https://registry.npmjs.org/get-port-please/-/get-port-please-3.2.0.tgz. Extracting by manifest.
718 silly tarball no local data for http-status-codes@https://registry.npmjs.org/http-status-codes/-/http-status-codes-2.3.0.tgz. Extracting by manifest.
719 silly tarball no local data for @prisma/query-plan-executor@https://registry.npmjs.org/@prisma/query-plan-executor/-/query-plan-executor-7.2.0.tgz. Extracting by manifest.
720 silly tarball no local data for @hono/node-server@https://registry.npmjs.org/@hono/node-server/-/node-server-1.19.11.tgz. Extracting by manifest.
721 silly tarball no local data for @prisma/streams-local@https://registry.npmjs.org/@prisma/streams-local/-/streams-local-0.1.2.tgz. Extracting by manifest.
722 silly tarball no local data for @electric-sql/pglite-tools@https://registry.npmjs.org/@electric-sql/pglite-tools/-/pglite-tools-0.3.1.tgz. Extracting by manifest.
723 silly tarball no local data for hono@https://registry.npmjs.org/hono/-/hono-4.12.12.tgz. Extracting by manifest.
724 silly tarball no local data for @electric-sql/pglite-socket@https://registry.npmjs.org/@electric-sql/pglite-socket/-/pglite-socket-0.1.1.tgz. Extracting by manifest.
725 silly tarball no local data for @electric-sql/pglite@https://registry.npmjs.org/@electric-sql/pglite/-/pglite-0.4.1.tgz. Extracting by manifest.
726 silly tarball no local data for empathic@https://registry.npmjs.org/empathic/-/empathic-2.0.0.tgz. Extracting by manifest.
727 silly tarball no local data for effect@https://registry.npmjs.org/effect/-/effect-3.20.0.tgz. Extracting by manifest.
728 silly tarball no local data for deepmerge-ts@https://registry.npmjs.org/deepmerge-ts/-/deepmerge-ts-7.1.5.tgz. Extracting by manifest.
729 silly tarball no local data for @prisma/get-platform@https://registry.npmjs.org/@prisma/get-platform/-/get-platform-7.2.0.tgz. Extracting by manifest.
730 silly tarball no local data for c12@https://registry.npmjs.org/c12/-/c12-3.1.0.tgz. Extracting by manifest.
731 silly tarball no local data for mysql2@https://registry.npmjs.org/mysql2/-/mysql2-3.15.3.tgz. Extracting by manifest.
732 silly tarball no local data for postgres@https://registry.npmjs.org/postgres/-/postgres-3.4.7.tgz. Extracting by manifest.
733 silly tarball no local data for @types/react@https://registry.npmjs.org/@types/react/-/react-19.2.14.tgz. Extracting by manifest.
734 silly tarball no local data for react@https://registry.npmjs.org/react/-/react-19.2.4.tgz. Extracting by manifest.
735 silly tarball no local data for @prisma/dev@https://registry.npmjs.org/@prisma/dev/-/dev-0.24.3.tgz. Extracting by manifest.
736 silly tarball no local data for @prisma/config@https://registry.npmjs.org/@prisma/config/-/config-7.7.0.tgz. Extracting by manifest.
737 silly tarball no local data for react-dom@https://registry.npmjs.org/react-dom/-/react-dom-19.2.4.tgz. Extracting by manifest.
738 silly tarball no local data for @prisma/engines@https://registry.npmjs.org/@prisma/engines/-/engines-7.7.0.tgz. Extracting by manifest.
739 silly tarball no local data for @prisma/studio-core@https://registry.npmjs.org/@prisma/studio-core/-/studio-core-0.27.3.tgz. Extracting by manifest.
740 silly tarball no local data for prisma@https://registry.npmjs.org/prisma/-/prisma-7.7.0.tgz. Extracting by manifest.
741 silly tarball no local data for @prisma/get-platform@https://registry.npmjs.org/@prisma/get-platform/-/get-platform-7.7.0.tgz. Extracting by manifest.
742 silly tarball no local data for citty@https://registry.npmjs.org/citty/-/citty-0.2.2.tgz. Extracting by manifest.
743 silly tarball no local data for @prisma/get-platform@https://registry.npmjs.org/@prisma/get-platform/-/get-platform-7.7.0.tgz. Extracting by manifest.
744 silly tarball no local data for @prisma/debug@https://registry.npmjs.org/@prisma/debug/-/debug-7.2.0.tgz. Extracting by manifest.
745 http fetch GET 200 https://registry.npmjs.org/graphmatch/-/graphmatch-1.1.1.tgz 201ms (cache miss)
746 http fetch GET 200 https://registry.npmjs.org/tinyexec/-/tinyexec-1.1.1.tgz 221ms (cache miss)
747 http fetch GET 200 https://registry.npmjs.org/scheduler/-/scheduler-0.27.0.tgz 222ms (cache miss)
748 http fetch GET 200 https://registry.npmjs.org/grammex/-/grammex-3.1.12.tgz 223ms (cache miss)
749 http fetch GET 200 https://registry.npmjs.org/retry/-/retry-0.12.0.tgz 223ms (cache miss)
750 http fetch GET 200 https://registry.npmjs.org/named-placeholders/-/named-placeholders-1.1.6.tgz 228ms (cache miss)
751 http fetch GET 200 https://registry.npmjs.org/sqlstring/-/sqlstring-2.3.3.tgz 228ms (cache miss)
752 http fetch GET 200 https://registry.npmjs.org/destr/-/destr-2.0.5.tgz 228ms (cache miss)
753 http fetch GET 200 https://registry.npmjs.org/nypm/-/nypm-0.6.5.tgz 272ms (cache miss)
754 http fetch GET 200 https://registry.npmjs.org/denque/-/denque-2.1.0.tgz 300ms (cache miss)
755 http fetch GET 200 https://registry.npmjs.org/citty/-/citty-0.1.6.tgz 304ms (cache miss)
756 http fetch GET 200 https://registry.npmjs.org/pure-rand/-/pure-rand-6.1.0.tgz 340ms (cache miss)
757 http fetch GET 200 https://registry.npmjs.org/@standard-schema/spec/-/spec-1.1.0.tgz 348ms (cache miss)
758 http fetch GET 200 https://registry.npmjs.org/rc9/-/rc9-2.1.2.tgz 374ms (cache miss)
759 http fetch GET 200 https://registry.npmjs.org/lru.min/-/lru.min-1.1.4.tgz 379ms (cache miss)
760 http fetch GET 200 https://registry.npmjs.org/seq-queue/-/seq-queue-0.0.5.tgz 383ms (cache miss)
761 http fetch GET 200 https://registry.npmjs.org/generate-function/-/generate-function-2.3.1.tgz 393ms (cache miss)
762 http fetch POST 200 https://registry.npmjs.org/-/npm/v1/security/advisories/bulk 418ms
763 silly audit report {
763 silly audit report   '@hono/node-server': [
763 silly audit report     {
763 silly audit report       id: 1116247,
763 silly audit report       url: 'https://github.com/advisories/GHSA-92pp-h63x-v22m',
763 silly audit report       title: '@hono/node-server: Middleware bypass via repeated slashes in serveStatic',
763 silly audit report       severity: 'moderate',
763 silly audit report       vulnerable_versions: '<1.19.13',
763 silly audit report       cwe: [Array],
763 silly audit report       cvss: [Object]
763 silly audit report     }
763 silly audit report   ]
763 silly audit report }
764 silly packumentCache corgi:https://registry.npmjs.org/@hono%2fnode-server cache-miss
765 http fetch GET 200 https://registry.npmjs.org/long/-/long-5.3.2.tgz 407ms (cache miss)
766 http fetch GET 200 https://registry.npmjs.org/is-property/-/is-property-1.0.2.tgz 406ms (cache miss)
767 http fetch GET 200 https://registry.npmjs.org/ohash/-/ohash-2.0.11.tgz 408ms (cache miss)
768 http fetch GET 200 https://registry.npmjs.org/giget/-/giget-2.0.0.tgz 452ms (cache miss)
769 http fetch GET 200 https://registry.npmjs.org/exsolve/-/exsolve-1.0.8.tgz 533ms (cache miss)
770 http fetch GET 200 https://registry.npmjs.org/node-fetch-native/-/node-fetch-native-1.6.7.tgz 558ms (cache miss)
771 http fetch GET 200 https://registry.npmjs.org/pkg-types/-/pkg-types-2.3.0.tgz 563ms (cache miss)
772 http fetch GET 200 https://registry.npmjs.org/defu/-/defu-6.1.7.tgz 579ms (cache miss)
773 http fetch GET 200 https://registry.npmjs.org/fast-check/-/fast-check-3.23.2.tgz 590ms (cache miss)
774 http fetch GET 200 https://registry.npmjs.org/perfect-debounce/-/perfect-debounce-1.0.0.tgz 598ms (cache miss)
775 http fetch GET 200 https://registry.npmjs.org/dotenv/-/dotenv-16.6.1.tgz 621ms (cache miss)
776 http fetch GET 200 https://registry.npmjs.org/confbox/-/confbox-0.2.4.tgz 630ms (cache miss)
777 http fetch GET 200 https://registry.npmjs.org/@radix-ui/react-compose-refs/-/react-compose-refs-1.1.2.tgz 639ms (cache miss)
778 http fetch GET 200 https://registry.npmjs.org/@radix-ui/react-use-layout-effect/-/react-use-layout-effect-1.1.1.tgz 647ms (cache miss)
779 http fetch GET 200 https://registry.npmjs.org/aws-ssl-profiles/-/aws-ssl-profiles-1.1.2.tgz 652ms (cache miss)
780 http fetch GET 200 https://registry.npmjs.org/@kurkle/color/-/color-0.3.4.tgz 663ms (cache miss)
781 http fetch GET 200 https://registry.npmjs.org/csstype/-/csstype-3.2.3.tgz 672ms (cache miss)
782 http fetch GET 200 https://registry.npmjs.org/@radix-ui/react-slot/-/react-slot-1.2.3.tgz 674ms (cache miss)
783 http fetch GET 200 https://registry.npmjs.org/@radix-ui/primitive/-/primitive-1.1.3.tgz 896ms (cache miss)
784 http fetch GET 200 https://registry.npmjs.org/@radix-ui/react-use-controllable-state/-/react-use-controllable-state-1.2.2.tgz 952ms (cache miss)
785 http fetch GET 200 https://registry.npmjs.org/env-paths/-/env-paths-3.0.0.tgz 958ms (cache miss)
786 http fetch GET 200 https://registry.npmjs.org/@radix-ui/react-use-effect-event/-/react-use-effect-event-0.0.2.tgz 981ms (cache miss)
787 http fetch GET 200 https://registry.npmjs.org/@radix-ui/react-toggle/-/react-toggle-1.1.10.tgz 999ms (cache miss)
788 http fetch GET 200 https://registry.npmjs.org/better-result/-/better-result-2.8.1.tgz 1116ms (cache miss)
789 http fetch GET 200 https://registry.npmjs.org/std-env/-/std-env-3.10.0.tgz 1115ms (cache miss)
790 http fetch GET 200 https://registry.npmjs.org/@radix-ui/react-primitive/-/react-primitive-2.1.3.tgz 1116ms (cache miss)
791 http fetch GET 200 https://registry.npmjs.org/zeptomatch/-/zeptomatch-2.1.0.tgz 1125ms (cache miss)
792 http fetch GET 200 https://registry.npmjs.org/@prisma/engines-version/-/engines-version-7.6.0-1.75cbdc1eb7150937890ad5465d861175c6624711.tgz 1186ms (cache miss)
793 http fetch GET 200 https://registry.npmjs.org/@prisma/fetch-engine/-/fetch-engine-7.7.0.tgz 1208ms (cache miss)
794 http fetch GET 200 https://registry.npmjs.org/proper-lockfile/-/proper-lockfile-4.1.2.tgz 1268ms (cache miss)
795 http fetch GET 200 https://registry.npmjs.org/pathe/-/pathe-2.0.3.tgz 1307ms (cache miss)
796 http fetch GET 200 https://registry.npmjs.org/get-port-please/-/get-port-please-3.2.0.tgz 1312ms (cache miss)
797 http fetch GET 200 https://registry.npmjs.org/http-status-codes/-/http-status-codes-2.3.0.tgz 1313ms (cache miss)
798 http fetch GET 200 https://registry.npmjs.org/jiti/-/jiti-2.6.1.tgz 1345ms (cache miss)
799 http fetch GET 200 https://registry.npmjs.org/chart.js/-/chart.js-4.5.1.tgz 1478ms (cache miss)
800 http fetch GET 200 https://registry.npmjs.org/valibot/-/valibot-1.2.0.tgz 1488ms (cache miss)
801 http fetch GET 200 https://registry.npmjs.org/empathic/-/empathic-2.0.0.tgz 1538ms (cache miss)
802 http fetch GET 200 https://registry.npmjs.org/deepmerge-ts/-/deepmerge-ts-7.1.5.tgz 1541ms (cache miss)
803 http fetch GET 200 https://registry.npmjs.org/@prisma/debug/-/debug-7.7.0.tgz 1565ms (cache miss)
804 http fetch GET 200 https://registry.npmjs.org/@hono/node-server/-/node-server-1.19.11.tgz 1576ms (cache miss)
805 http fetch GET 200 https://registry.npmjs.org/c12/-/c12-3.1.0.tgz 1646ms (cache miss)
806 http fetch GET 200 https://registry.npmjs.org/@prisma/streams-local/-/streams-local-0.1.2.tgz 1777ms (cache miss)
807 http fetch GET 200 https://registry.npmjs.org/react/-/react-19.2.4.tgz 1793ms (cache miss)
808 http fetch GET 200 https://registry.npmjs.org/postgres/-/postgres-3.4.7.tgz 1798ms (cache miss)
809 http fetch GET 200 https://registry.npmjs.org/@types/react/-/react-19.2.14.tgz 1867ms (cache miss)
810 http fetch GET 200 https://registry.npmjs.org/remeda/-/remeda-2.33.4.tgz 1921ms (cache miss)
811 http fetch GET 200 https://registry.npmjs.org/mysql2/-/mysql2-3.15.3.tgz 1927ms (cache miss)
812 http fetch GET 200 https://registry.npmjs.org/@electric-sql/pglite-socket/-/pglite-socket-0.1.1.tgz 2008ms (cache miss)
813 http fetch GET 200 https://registry.npmjs.org/@prisma/config/-/config-7.7.0.tgz 2166ms (cache miss)
814 http fetch GET 200 https://registry.npmjs.org/hono/-/hono-4.12.12.tgz 2183ms (cache miss)
815 http fetch GET 200 https://registry.npmjs.org/@prisma/engines/-/engines-7.7.0.tgz 2305ms (cache miss)
816 http fetch GET 200 https://registry.npmjs.org/citty/-/citty-0.2.2.tgz 2325ms (cache miss)
817 http fetch GET 200 https://registry.npmjs.org/@prisma/debug/-/debug-7.2.0.tgz 2533ms (cache miss)
818 http fetch GET 200 https://registry.npmjs.org/@hono%2fnode-server 2196ms (cache miss)
819 silly packumentCache corgi:https://registry.npmjs.org/@hono%2fnode-server set size:undefined disposed:false
820 silly packumentCache corgi:https://registry.npmjs.org/@prisma%2fdev cache-miss
821 http fetch GET 200 https://registry.npmjs.org/@prisma/get-platform/-/get-platform-7.7.0.tgz 2660ms (cache miss)
822 http fetch GET 200 https://registry.npmjs.org/@prisma/get-platform/-/get-platform-7.2.0.tgz 2677ms (cache miss)
823 http fetch GET 200 https://registry.npmjs.org/@electric-sql/pglite-tools/-/pglite-tools-0.3.1.tgz 2679ms (cache miss)
824 http fetch GET 200 https://registry.npmjs.org/@prisma/get-platform/-/get-platform-7.7.0.tgz 2734ms (cache miss)
825 http fetch GET 200 https://registry.npmjs.org/@prisma%2fdev 1145ms (cache miss)
826 silly packumentCache corgi:https://registry.npmjs.org/@prisma%2fdev set size:undefined disposed:false
827 silly packumentCache corgi:https://registry.npmjs.org/prisma cache-miss
828 http cache https://registry.npmjs.org/prisma 25ms (cache hit)
829 silly packumentCache corgi:https://registry.npmjs.org/prisma set size:22761067 disposed:false
830 http fetch GET 200 https://registry.npmjs.org/@prisma/query-plan-executor/-/query-plan-executor-7.2.0.tgz 5045ms (cache miss)
831 http fetch GET 200 https://registry.npmjs.org/react-dom/-/react-dom-19.2.4.tgz 6092ms (cache miss)
832 http fetch GET 200 https://registry.npmjs.org/effect/-/effect-3.20.0.tgz 7531ms (cache miss)
833 http fetch GET 200 https://registry.npmjs.org/@prisma/dev/-/dev-0.24.3.tgz 12106ms (cache miss)
834 http fetch GET 200 https://registry.npmjs.org/@prisma/studio-core/-/studio-core-0.27.3.tgz 14997ms (cache miss)
835 http fetch GET 200 https://registry.npmjs.org/@electric-sql/pglite/-/pglite-0.4.1.tgz 19481ms (cache miss)
836 http fetch GET 200 https://registry.npmjs.org/prisma/-/prisma-7.7.0.tgz 20070ms (cache miss)
837 info run prisma@7.7.0 preinstall node_modules/prisma node scripts/preinstall-entry.js
838 info run prisma@7.7.0 preinstall { code: 0, signal: null }
839 info run @prisma/engines@7.7.0 postinstall node_modules/@prisma/engines node scripts/postinstall.js
840 info run @prisma/engines@7.7.0 postinstall { code: 0, signal: null }
841 verbose cwd /Users/3designs/456 Coffee/456 Coffee Ecosystem (Version 1.0)/backend
842 verbose os Darwin 25.2.0
843 verbose node v24.11.1
844 verbose npm  v11.6.2
845 verbose exit 0
846 info ok
