0 verbose cli /usr/local/bin/node /usr/local/bin/npm
1 info using npm@11.6.2
2 info using node@v24.11.1
3 silly config load:file:/usr/local/lib/node_modules/npm/npmrc
4 silly config load:file:/Users/3designs/456 Coffee/456 Coffee Ecosystem (Version 1.0)/backend/.npmrc
5 silly config load:file:/Users/3designs/.npmrc
6 silly config load:file:/usr/local/etc/npmrc
7 verbose title npm install @nestjs/websockets @nestjs/platform-socket.io socket.io @google/generative-ai axios @prisma/client
8 verbose argv "install" "@nestjs/websockets" "@nestjs/platform-socket.io" "socket.io" "@google/generative-ai" "axios" "@prisma/client" "--force"
9 verbose logfile logs-max:10 dir:/Users/3designs/456 Coffee/456 Coffee Ecosystem (Version 1.0)/backend/.npm-cache/_logs/2026-04-08T05_06_24_265Z-
10 verbose logfile /Users/3designs/456 Coffee/456 Coffee Ecosystem (Version 1.0)/backend/.npm-cache/_logs/2026-04-08T05_06_24_265Z-debug-0.log
11 warn using --force Recommended protections disabled.
12 silly logfile done cleaning log files
13 silly packumentCache heap:4496293888 maxSize:1124073472 maxEntrySize:562036736
14 verbose shrinkwrap failed to load node_modules/.package-lock.json out of date, updated: node_modules
15 silly idealTree buildDeps
16 silly fetch manifest @prisma/client@^7.7.0
17 silly packumentCache full:https://registry.npmjs.org/@prisma%2fclient cache-miss
18 http fetch GET 200 https://registry.npmjs.org/@prisma%2fclient 541ms (cache revalidated)
19 silly packumentCache full:https://registry.npmjs.org/@prisma%2fclient set size:67644200 disposed:false
20 silly fetch manifest prisma@*
21 silly packumentCache full:https://registry.npmjs.org/prisma cache-miss
22 http fetch GET 200 https://registry.npmjs.org/prisma 135ms (cache revalidated)
23 silly packumentCache full:https://registry.npmjs.org/prisma set size:43121986 disposed:false
24 silly fetch manifest better-sqlite3@>=9.0.0
25 silly packumentCache full:https://registry.npmjs.org/better-sqlite3 cache-miss
26 http fetch GET 200 https://registry.npmjs.org/better-sqlite3 102ms (cache revalidated)
27 silly packumentCache full:https://registry.npmjs.org/better-sqlite3 set size:372287 disposed:false
28 silly fetch manifest typescript@^5.7.3
29 silly packumentCache full:https://registry.npmjs.org/typescript cache-miss
30 http fetch GET 200 https://registry.npmjs.org/typescript 98ms (cache revalidated)
31 silly packumentCache full:https://registry.npmjs.org/typescript set size:15399465 disposed:false
32 silly fetch manifest @nestjs/websockets@*
33 silly packumentCache full:https://registry.npmjs.org/@nestjs%2fwebsockets cache-miss
34 http fetch GET 200 https://registry.npmjs.org/@nestjs%2fwebsockets 170ms (cache revalidated)
35 silly packumentCache full:https://registry.npmjs.org/@nestjs%2fwebsockets set size:855392 disposed:false
36 silly fetch manifest @nestjs/common@^11.0.1
37 silly packumentCache full:https://registry.npmjs.org/@nestjs%2fcommon cache-miss
38 http fetch GET 200 https://registry.npmjs.org/@nestjs%2fcommon 129ms (cache revalidated)
39 silly packumentCache full:https://registry.npmjs.org/@nestjs%2fcommon set size:909200 disposed:false
40 silly fetch manifest class-transformer@>=0.4.1
41 silly packumentCache full:https://registry.npmjs.org/class-transformer cache-miss
42 http fetch GET 200 https://registry.npmjs.org/class-transformer 248ms (cache revalidated)
43 silly packumentCache full:https://registry.npmjs.org/class-transformer set size:106571 disposed:false
44 silly fetch manifest class-validator@>=0.13.2
45 silly packumentCache full:https://registry.npmjs.org/class-validator cache-miss
46 http fetch GET 200 https://registry.npmjs.org/class-validator 146ms (cache revalidated)
47 silly packumentCache full:https://registry.npmjs.org/class-validator set size:223768 disposed:false
48 silly fetch manifest reflect-metadata@^0.2.2
49 silly packumentCache full:https://registry.npmjs.org/reflect-metadata cache-miss
50 http fetch GET 200 https://registry.npmjs.org/reflect-metadata 155ms (cache revalidated)
51 silly packumentCache full:https://registry.npmjs.org/reflect-metadata set size:61305 disposed:false
52 silly fetch manifest rxjs@^7.8.1
53 silly packumentCache full:https://registry.npmjs.org/rxjs cache-miss
54 http fetch GET 200 https://registry.npmjs.org/rxjs 92ms (cache revalidated)
55 silly packumentCache full:https://registry.npmjs.org/rxjs set size:980097 disposed:false
56 silly fetch manifest @nestjs/core@^11.0.1
57 silly packumentCache full:https://registry.npmjs.org/@nestjs%2fcore cache-miss
58 http fetch GET 200 https://registry.npmjs.org/@nestjs%2fcore 159ms (cache revalidated)
59 silly packumentCache full:https://registry.npmjs.org/@nestjs%2fcore set size:1046344 disposed:false
60 silly fetch manifest @nestjs/microservices@^11.0.0
61 silly packumentCache full:https://registry.npmjs.org/@nestjs%2fmicroservices cache-miss
62 http fetch GET 200 https://registry.npmjs.org/@nestjs%2fmicroservices 189ms (cache revalidated)
63 silly packumentCache full:https://registry.npmjs.org/@nestjs%2fmicroservices set size:999519 disposed:false
64 silly fetch manifest @grpc/grpc-js@*
65 silly packumentCache full:https://registry.npmjs.org/@grpc%2fgrpc-js cache-miss
66 http fetch GET 200 https://registry.npmjs.org/@grpc%2fgrpc-js 100ms (cache revalidated)
67 silly packumentCache full:https://registry.npmjs.org/@grpc%2fgrpc-js set size:658277 disposed:false
68 silly fetch manifest amqp-connection-manager@*
69 silly packumentCache full:https://registry.npmjs.org/amqp-connection-manager cache-miss
70 http fetch GET 200 https://registry.npmjs.org/amqp-connection-manager 87ms (cache revalidated)
71 silly packumentCache full:https://registry.npmjs.org/amqp-connection-manager set size:260264 disposed:false
72 silly fetch manifest amqplib@*
73 silly packumentCache full:https://registry.npmjs.org/amqplib cache-miss
74 http fetch GET 200 https://registry.npmjs.org/amqplib 85ms (cache revalidated)
75 silly packumentCache full:https://registry.npmjs.org/amqplib set size:87501 disposed:false
76 silly fetch manifest cache-manager@*
77 silly packumentCache full:https://registry.npmjs.org/cache-manager cache-miss
78 http fetch GET 200 https://registry.npmjs.org/cache-manager 101ms (cache revalidated)
79 silly packumentCache full:https://registry.npmjs.org/cache-manager set size:325685 disposed:false
80 silly fetch manifest ioredis@*
81 silly packumentCache full:https://registry.npmjs.org/ioredis cache-miss
82 http fetch GET 200 https://registry.npmjs.org/ioredis 113ms (cache revalidated)
83 silly packumentCache full:https://registry.npmjs.org/ioredis set size:842503 disposed:false
84 silly fetch manifest kafkajs@*
85 silly packumentCache full:https://registry.npmjs.org/kafkajs cache-miss
86 http fetch GET 200 https://registry.npmjs.org/kafkajs 98ms (cache revalidated)
87 silly packumentCache full:https://registry.npmjs.org/kafkajs set size:3133174 disposed:false
88 silly fetch manifest mqtt@*
89 silly packumentCache full:https://registry.npmjs.org/mqtt cache-miss
90 http fetch GET 200 https://registry.npmjs.org/mqtt 335ms (cache revalidated)
91 silly packumentCache full:https://registry.npmjs.org/mqtt set size:816276 disposed:false
92 silly fetch manifest nats@*
93 silly packumentCache full:https://registry.npmjs.org/nats cache-miss
94 http fetch GET 200 https://registry.npmjs.org/nats 134ms (cache revalidated)
95 silly packumentCache full:https://registry.npmjs.org/nats set size:773834 disposed:false
96 silly fetch manifest @nestjs/platform-express@^11.0.1
97 silly packumentCache full:https://registry.npmjs.org/@nestjs%2fplatform-express cache-miss
98 http fetch GET 200 https://registry.npmjs.org/@nestjs%2fplatform-express 100ms (cache revalidated)
99 silly packumentCache full:https://registry.npmjs.org/@nestjs%2fplatform-express set size:745808 disposed:false
100 silly fetch manifest @nestjs/platform-socket.io@*
101 silly packumentCache full:https://registry.npmjs.org/@nestjs%2fplatform-socket.io cache-miss
102 http fetch GET 200 https://registry.npmjs.org/@nestjs%2fplatform-socket.io 123ms (cache revalidated)
103 silly packumentCache full:https://registry.npmjs.org/@nestjs%2fplatform-socket.io set size:713773 disposed:false
104 silly fetch manifest socket.io@*
105 silly packumentCache full:https://registry.npmjs.org/socket.io cache-miss
106 http fetch GET 200 https://registry.npmjs.org/socket.io 152ms (cache miss)
107 silly packumentCache full:https://registry.npmjs.org/socket.io set size:undefined disposed:false
108 silly fetch manifest @google/generative-ai@*
109 silly packumentCache full:https://registry.npmjs.org/@google%2fgenerative-ai cache-miss
110 http fetch GET 200 https://registry.npmjs.org/@google%2fgenerative-ai 111ms (cache miss)
111 silly packumentCache full:https://registry.npmjs.org/@google%2fgenerative-ai set size:undefined disposed:false
112 silly fetch manifest axios@*
113 silly packumentCache full:https://registry.npmjs.org/axios cache-miss
114 http fetch GET 200 https://registry.npmjs.org/axios 184ms (cache miss)
115 silly packumentCache full:https://registry.npmjs.org/axios set size:undefined disposed:false
116 silly placeDep ROOT @google/generative-ai@0.24.1 OK for: backend@0.0.1 want: *
117 silly placeDep ROOT @nestjs/platform-socket.io@11.1.18 OK for: backend@0.0.1 want: *
118 silly placeDep ROOT @nestjs/websockets@11.1.18 OK for: @nestjs/platform-socket.io@11.1.18 want: ^11.0.0
119 silly placeDep ROOT @nestjs/websockets@11.1.18 REPLACE for: backend@0.0.1 want: *
120 silly placeDep ROOT @prisma/client@7.7.0 REPLACE for: backend@0.0.1 want: ^7.7.0
121 silly placeDep ROOT axios@1.14.0 OK for: backend@0.0.1 want: *
122 silly placeDep ROOT socket.io@4.8.3 OK for: backend@0.0.1 want: *
123 silly fetch manifest socket.io@4.8.3
124 silly packumentCache full:https://registry.npmjs.org/socket.io cache-miss
125 silly fetch manifest object-hash@3.0.0
126 silly packumentCache full:https://registry.npmjs.org/object-hash cache-miss
127 silly fetch manifest object-hash@3.0.0
128 silly packumentCache full:https://registry.npmjs.org/object-hash cache-miss
129 silly fetch manifest proxy-from-env@^2.1.0
130 silly packumentCache full:https://registry.npmjs.org/proxy-from-env cache-miss
131 silly fetch manifest follow-redirects@^1.15.11
132 silly packumentCache full:https://registry.npmjs.org/follow-redirects cache-miss
133 silly fetch manifest accepts@~1.3.4
134 silly packumentCache full:https://registry.npmjs.org/accepts cache-miss
135 silly fetch manifest base64id@~2.0.0
136 silly packumentCache full:https://registry.npmjs.org/base64id cache-miss
137 silly fetch manifest engine.io@~6.6.0
138 silly packumentCache full:https://registry.npmjs.org/engine.io cache-miss
139 silly fetch manifest socket.io-adapter@~2.5.2
140 silly packumentCache full:https://registry.npmjs.org/socket.io-adapter cache-miss
141 http cache https://registry.npmjs.org/socket.io 7ms (cache hit)
142 silly packumentCache full:https://registry.npmjs.org/socket.io set size:379231 disposed:false
143 silly fetch manifest socket.io-parser@~4.2.4
144 silly packumentCache full:https://registry.npmjs.org/socket.io-parser cache-miss
145 http fetch GET 200 https://registry.npmjs.org/object-hash 111ms (cache miss)
146 silly packumentCache full:https://registry.npmjs.org/object-hash set size:undefined disposed:false
147 http fetch GET 200 https://registry.npmjs.org/accepts 395ms (cache revalidated)
148 silly packumentCache full:https://registry.npmjs.org/accepts set size:77054 disposed:false
149 http fetch GET 200 https://registry.npmjs.org/proxy-from-env 396ms (cache miss)
150 silly packumentCache full:https://registry.npmjs.org/proxy-from-env set size:undefined disposed:false
151 http fetch GET 200 https://registry.npmjs.org/socket.io-adapter 443ms (cache miss)
152 silly packumentCache full:https://registry.npmjs.org/socket.io-adapter set size:undefined disposed:false
153 http fetch GET 200 https://registry.npmjs.org/object-hash 443ms (cache miss)
154 silly packumentCache full:https://registry.npmjs.org/object-hash set size:undefined disposed:false
155 http fetch GET 200 https://registry.npmjs.org/base64id 444ms (cache miss)
156 silly packumentCache full:https://registry.npmjs.org/base64id set size:undefined disposed:false
157 http fetch GET 200 https://registry.npmjs.org/socket.io-parser 443ms (cache miss)
158 silly packumentCache full:https://registry.npmjs.org/socket.io-parser set size:undefined disposed:false
159 http fetch GET 200 https://registry.npmjs.org/follow-redirects 454ms (cache miss)
160 silly packumentCache full:https://registry.npmjs.org/follow-redirects set size:undefined disposed:false
161 http fetch GET 200 https://registry.npmjs.org/engine.io 556ms (cache miss)
162 silly packumentCache full:https://registry.npmjs.org/engine.io set size:undefined disposed:false
163 silly placeDep ROOT object-hash@3.0.0 OK for: @nestjs/websockets@11.1.18 want: 3.0.0
164 silly placeDep ROOT follow-redirects@1.15.11 OK for: axios@1.14.0 want: ^1.15.11
165 silly placeDep ROOT proxy-from-env@2.1.0 OK for: axios@1.14.0 want: ^2.1.0
166 silly placeDep node_modules/socket.io accepts@1.3.8 OK for: socket.io@4.8.3 want: ~1.3.4
167 silly placeDep ROOT base64id@2.0.0 OK for: socket.io@4.8.3 want: ~2.0.0
168 silly placeDep ROOT engine.io@6.6.6 OK for: socket.io@4.8.3 want: ~6.6.0
169 silly placeDep ROOT socket.io-adapter@2.5.6 OK for: socket.io@4.8.3 want: ~2.5.2
170 silly placeDep ROOT socket.io-parser@4.2.6 OK for: socket.io@4.8.3 want: ~4.2.4
171 silly fetch manifest mime-types@~2.1.34
172 silly packumentCache full:https://registry.npmjs.org/mime-types cache-miss
173 silly fetch manifest negotiator@0.6.3
174 silly packumentCache full:https://registry.npmjs.org/negotiator cache-miss
175 silly fetch manifest @types/cors@^2.8.12
176 silly packumentCache full:https://registry.npmjs.org/@types%2fcors cache-miss
177 silly fetch manifest @types/ws@^8.5.12
178 silly packumentCache full:https://registry.npmjs.org/@types%2fws cache-miss
179 silly fetch manifest engine.io-parser@~5.2.1
180 silly packumentCache full:https://registry.npmjs.org/engine.io-parser cache-miss
181 silly fetch manifest ws@~8.18.3
182 silly packumentCache full:https://registry.npmjs.org/ws cache-miss
183 silly fetch manifest ws@~8.18.3
184 silly packumentCache full:https://registry.npmjs.org/ws cache-miss
185 silly fetch manifest @socket.io/component-emitter@~3.1.0
186 silly packumentCache full:https://registry.npmjs.org/@socket.io%2fcomponent-emitter cache-miss
187 http fetch GET 200 https://registry.npmjs.org/negotiator 107ms (cache revalidated)
188 silly packumentCache full:https://registry.npmjs.org/negotiator set size:48046 disposed:false
189 http fetch GET 200 https://registry.npmjs.org/engine.io-parser 136ms (cache miss)
190 silly packumentCache full:https://registry.npmjs.org/engine.io-parser set size:undefined disposed:false
191 http fetch GET 200 https://registry.npmjs.org/@types%2fcors 144ms (cache miss)
192 silly packumentCache full:https://registry.npmjs.org/@types%2fcors set size:undefined disposed:false
193 http fetch GET 200 https://registry.npmjs.org/@types%2fws 152ms (cache miss)
194 silly packumentCache full:https://registry.npmjs.org/@types%2fws set size:undefined disposed:false
195 http fetch GET 200 https://registry.npmjs.org/@socket.io%2fcomponent-emitter 176ms (cache miss)
196 silly packumentCache full:https://registry.npmjs.org/@socket.io%2fcomponent-emitter set size:undefined disposed:false
197 http fetch GET 200 https://registry.npmjs.org/mime-types 179ms (cache revalidated)
198 silly packumentCache full:https://registry.npmjs.org/mime-types set size:139110 disposed:false
199 http fetch GET 200 https://registry.npmjs.org/ws 184ms (cache miss)
200 silly packumentCache full:https://registry.npmjs.org/ws set size:undefined disposed:false
201 http fetch GET 200 https://registry.npmjs.org/ws 187ms (cache miss)
202 silly packumentCache full:https://registry.npmjs.org/ws set size:undefined disposed:false
203 silly fetch manifest bufferutil@^4.0.1
204 silly packumentCache full:https://registry.npmjs.org/bufferutil cache-miss
205 http fetch GET 200 https://registry.npmjs.org/bufferutil 205ms (cache miss)
206 silly packumentCache full:https://registry.npmjs.org/bufferutil set size:undefined disposed:false
207 silly fetch manifest utf-8-validate@>=5.0.2
208 silly packumentCache full:https://registry.npmjs.org/utf-8-validate cache-miss
209 http fetch GET 200 https://registry.npmjs.org/utf-8-validate 94ms (cache miss)
210 silly packumentCache full:https://registry.npmjs.org/utf-8-validate set size:undefined disposed:false
211 silly placeDep ROOT @types/cors@2.8.19 OK for: engine.io@6.6.6 want: ^2.8.12
212 silly placeDep ROOT @types/ws@8.18.1 OK for: engine.io@6.6.6 want: ^8.5.12
213 silly placeDep node_modules/engine.io accepts@1.3.8 OK for: engine.io@6.6.6 want: ~1.3.4
214 silly placeDep ROOT engine.io-parser@5.2.3 OK for: engine.io@6.6.6 want: ~5.2.1
215 silly placeDep ROOT ws@8.18.3 OK for: engine.io@6.6.6 want: ~8.18.3
216 silly placeDep ROOT @socket.io/component-emitter@3.1.2 OK for: socket.io-parser@4.2.6 want: ~3.1.0
217 silly placeDep node_modules/engine.io mime-types@2.1.35 OK for: accepts@1.3.8 want: ~2.1.34
218 silly placeDep node_modules/engine.io negotiator@0.6.3 OK for: accepts@1.3.8 want: 0.6.3
219 silly fetch manifest mime-db@1.52.0
220 silly packumentCache full:https://registry.npmjs.org/mime-db cache-miss
221 http fetch GET 200 https://registry.npmjs.org/mime-db 103ms (cache revalidated)
222 silly packumentCache full:https://registry.npmjs.org/mime-db set size:164953 disposed:false
223 silly placeDep node_modules/engine.io mime-db@1.52.0 OK for: mime-types@2.1.35 want: 1.52.0
224 silly placeDep node_modules/socket.io mime-types@2.1.35 OK for: accepts@1.3.8 want: ~2.1.34
225 silly placeDep node_modules/socket.io negotiator@0.6.3 OK for: accepts@1.3.8 want: 0.6.3
226 silly placeDep node_modules/socket.io mime-db@1.52.0 OK for: mime-types@2.1.35 want: 1.52.0
227 silly reify moves {}
228 silly audit bulk request {
228 silly audit   '@angular-devkit/core': [ '19.2.23' ],
228 silly audit   ajv: [ '8.18.0', '6.14.0' ],
228 silly audit   'json-schema-traverse': [ '1.0.0', '0.4.1' ],
228 silly audit   rxjs: [ '7.8.1', '7.8.2' ],
228 silly audit   '@angular-devkit/schematics': [ '19.2.23' ],
228 silly audit   '@angular-devkit/schematics-cli': [ '19.2.23' ],
228 silly audit   '@inquirer/prompts': [ '7.3.2', '7.10.1' ],
228 silly audit   '@babel/code-frame': [ '7.29.0' ],
228 silly audit   '@babel/compat-data': [ '7.29.0' ],
228 silly audit   '@babel/core': [ '7.29.0' ],
228 silly audit   semver: [ '6.3.1', '7.7.4' ],
228 silly audit   '@babel/generator': [ '7.29.1' ],
228 silly audit   '@babel/helper-compilation-targets': [ '7.28.6' ],
228 silly audit   '@babel/helper-globals': [ '7.28.0' ],
228 silly audit   '@babel/helper-module-imports': [ '7.28.6' ],
228 silly audit   '@babel/helper-module-transforms': [ '7.28.6' ],
228 silly audit   '@babel/helper-plugin-utils': [ '7.28.6' ],
228 silly audit   '@babel/helper-string-parser': [ '7.27.1' ],
228 silly audit   '@babel/helper-validator-identifier': [ '7.28.5' ],
228 silly audit   '@babel/helper-validator-option': [ '7.27.1' ],
228 silly audit   '@babel/helpers': [ '7.29.2' ],
228 silly audit   '@babel/parser': [ '7.29.2' ],
228 silly audit   '@babel/plugin-syntax-async-generators': [ '7.8.4' ],
228 silly audit   '@babel/plugin-syntax-bigint': [ '7.8.3' ],
228 silly audit   '@babel/plugin-syntax-class-properties': [ '7.12.13' ],
228 silly audit   '@babel/plugin-syntax-class-static-block': [ '7.14.5' ],
228 silly audit   '@babel/plugin-syntax-import-attributes': [ '7.28.6' ],
228 silly audit   '@babel/plugin-syntax-import-meta': [ '7.10.4' ],
228 silly audit   '@babel/plugin-syntax-json-strings': [ '7.8.3' ],
228 silly audit   '@babel/plugin-syntax-jsx': [ '7.28.6' ],
228 silly audit   '@babel/plugin-syntax-logical-assignment-operators': [ '7.10.4' ],
228 silly audit   '@babel/plugin-syntax-nullish-coalescing-operator': [ '7.8.3' ],
228 silly audit   '@babel/plugin-syntax-numeric-separator': [ '7.10.4' ],
228 silly audit   '@babel/plugin-syntax-object-rest-spread': [ '7.8.3' ],
228 silly audit   '@babel/plugin-syntax-optional-catch-binding': [ '7.8.3' ],
228 silly audit   '@babel/plugin-syntax-optional-chaining': [ '7.8.3' ],
228 silly audit   '@babel/plugin-syntax-private-property-in-object': [ '7.14.5' ],
228 silly audit   '@babel/plugin-syntax-top-level-await': [ '7.14.5' ],
228 silly audit   '@babel/plugin-syntax-typescript': [ '7.28.6' ],
228 silly audit   '@babel/template': [ '7.28.6' ],
228 silly audit   '@babel/traverse': [ '7.29.0' ],
228 silly audit   '@babel/types': [ '7.29.0' ],
228 silly audit   '@bcoe/v8-coverage': [ '0.2.3' ],
228 silly audit   '@borewit/text-codec': [ '0.2.2' ],
228 silly audit   '@colors/colors': [ '1.5.0' ],
228 silly audit   '@cspotcode/source-map-support': [ '0.8.1' ],
228 silly audit   '@jridgewell/trace-mapping': [ '0.3.9', '0.3.31' ],
228 silly audit   '@emnapi/core': [ '1.9.2' ],
228 silly audit   '@emnapi/runtime': [ '1.9.2' ],
228 silly audit   '@emnapi/wasi-threads': [ '1.2.1' ],
228 silly audit   '@eslint-community/eslint-utils': [ '4.9.1' ],
228 silly audit   'eslint-visitor-keys': [ '3.4.3', '5.0.1', '4.2.1' ],
228 silly audit   '@eslint-community/regexpp': [ '4.12.2' ],
228 silly audit   '@eslint/config-array': [ '0.21.2' ],
228 silly audit   '@eslint/config-helpers': [ '0.4.2' ],
228 silly audit   '@eslint/core': [ '0.17.0' ],
228 silly audit   '@eslint/eslintrc': [ '3.3.5' ],
228 silly audit   globals: [ '14.0.0', '17.4.0' ],
228 silly audit   '@eslint/js': [ '9.39.4' ],
228 silly audit   '@eslint/object-schema': [ '2.1.7' ],
228 silly audit   '@eslint/plugin-kit': [ '0.4.1' ],
228 silly audit   '@humanfs/core': [ '0.19.1' ],
228 silly audit   '@humanfs/node': [ '0.16.7' ],
228 silly audit   '@humanwhocodes/module-importer': [ '1.0.1' ],
228 silly audit   '@humanwhocodes/retry': [ '0.4.3' ],
228 silly audit   '@inquirer/ansi': [ '1.0.2' ],
228 silly audit   '@inquirer/checkbox': [ '4.3.2' ],
228 silly audit   '@inquirer/confirm': [ '5.1.21' ],
228 silly audit   '@inquirer/core': [ '10.3.2' ],
228 silly audit   '@inquirer/editor': [ '4.2.23' ],
228 silly audit   '@inquirer/expand': [ '4.0.23' ],
228 silly audit   '@inquirer/external-editor': [ '1.0.3' ],
228 silly audit   '@inquirer/figures': [ '1.0.15' ],
228 silly audit   '@inquirer/input': [ '4.3.1' ],
228 silly audit   '@inquirer/number': [ '3.0.23' ],
228 silly audit   '@inquirer/password': [ '4.0.23' ],
228 silly audit   '@inquirer/rawlist': [ '4.1.11' ],
228 silly audit   '@inquirer/search': [ '3.2.2' ],
228 silly audit   '@inquirer/select': [ '4.4.2' ],
228 silly audit   '@inquirer/type': [ '3.0.10' ],
228 silly audit   '@isaacs/cliui': [ '8.0.2' ],
228 silly audit   'ansi-regex': [ '6.2.2', '5.0.1' ],
228 silly audit   'ansi-styles': [ '6.2.3', '4.3.0', '5.2.0' ],
228 silly audit   'emoji-regex': [ '9.2.2', '8.0.0' ],
228 silly audit   'string-width': [ '5.1.2', '4.2.3' ],
228 silly audit   'strip-ansi': [ '7.2.0', '6.0.1' ],
228 silly audit   'wrap-ansi': [ '8.1.0', '7.0.0', '6.2.0' ],
228 silly audit   '@istanbuljs/load-nyc-config': [ '1.1.0' ],
228 silly audit   argparse: [ '1.0.10', '2.0.1' ],
228 silly audit   'find-up': [ '4.1.0', '5.0.0' ],
228 silly audit   'js-yaml': [ '3.14.2', '4.1.1' ],
228 silly audit   'locate-path': [ '5.0.0', '6.0.0' ],
228 silly audit   'p-limit': [ '2.3.0', '3.1.0' ],
228 silly audit   'p-locate': [ '4.1.0', '5.0.0' ],
228 silly audit   'resolve-from': [ '5.0.0', '4.0.0' ],
228 silly audit   '@istanbuljs/schema': [ '0.1.3' ],
228 silly audit   '@jest/console': [ '30.3.0' ],
228 silly audit   '@jest/core': [ '30.3.0' ],
228 silly audit   '@jest/diff-sequences': [ '30.3.0' ],
228 silly audit   '@jest/environment': [ '30.3.0' ],
228 silly audit   '@jest/expect': [ '30.3.0' ],
228 silly audit   '@jest/expect-utils': [ '30.3.0' ],
228 silly audit   '@jest/fake-timers': [ '30.3.0' ],
228 silly audit   '@jest/get-type': [ '30.1.0' ],
228 silly audit   '@jest/globals': [ '30.3.0' ],
228 silly audit   '@jest/pattern': [ '30.0.1' ],
228 silly audit   '@jest/reporters': [ '30.3.0' ],
228 silly audit   'brace-expansion': [ '2.0.3', '5.0.5', '1.1.13' ],
228 silly audit   glob: [ '10.5.0', '13.0.6', '7.2.3' ],
228 silly audit   'lru-cache': [ '10.4.3', '5.1.1', '11.3.2' ],
228 silly audit   minimatch: [ '9.0.9', '10.2.5', '3.1.5' ],
228 silly audit   'path-scurry': [ '1.11.1', '2.0.2' ],
228 silly audit   '@jest/schemas': [ '30.0.5' ],
228 silly audit   '@jest/snapshot-utils': [ '30.3.0' ],
228 silly audit   '@jest/source-map': [ '30.0.1' ],
228 silly audit   '@jest/test-result': [ '30.3.0' ],
228 silly audit   '@jest/test-sequencer': [ '30.3.0' ],
228 silly audit   '@jest/transform': [ '30.3.0' ],
228 silly audit   '@jest/types': [ '30.3.0' ],
228 silly audit   '@jridgewell/gen-mapping': [ '0.3.13' ],
228 silly audit   '@jridgewell/remapping': [ '2.3.5' ],
228 silly audit   '@jridgewell/resolve-uri': [ '3.1.2' ],
228 silly audit   '@jridgewell/source-map': [ '0.3.11' ],
228 silly audit   '@jridgewell/sourcemap-codec': [ '1.5.5' ],
228 silly audit   '@lukeed/csprng': [ '1.1.0' ],
228 silly audit   '@napi-rs/wasm-runtime': [ '0.2.12' ],
228 silly audit   '@nestjs/cli': [ '11.0.18' ],
228 silly audit   '@nestjs/common': [ '11.1.18' ],
228 silly audit   '@nestjs/core': [ '11.1.18' ],
228 silly audit   '@nestjs/platform-express': [ '11.1.18' ],
228 silly audit   '@nestjs/schematics': [ '11.0.10' ],
228 silly audit   '@nestjs/testing': [ '11.1.18' ],
228 silly audit   '@noble/hashes': [ '1.8.0' ],
228 silly audit   '@nuxt/opencollective': [ '0.4.1' ],
228 silly audit   '@paralleldrive/cuid2': [ '2.3.1' ],
228 silly audit   '@pkgjs/parseargs': [ '0.11.0' ],
228 silly audit   '@pkgr/core': [ '0.2.9' ],
228 silly audit   '@prisma/client-runtime-utils': [ '7.7.0' ],
228 silly audit   '@sinclair/typebox': [ '0.34.49' ],
228 silly audit   '@sinonjs/commons': [ '3.0.1' ],
228 silly audit   '@sinonjs/fake-timers': [ '15.3.0' ],
228 silly audit   '@tokenizer/inflate': [ '0.4.1' ],
228 silly audit   '@tokenizer/token': [ '0.3.0' ],
228 silly audit   '@tsconfig/node10': [ '1.0.12' ],
228 silly audit   '@tsconfig/node12': [ '1.0.11' ],
228 silly audit   '@tsconfig/node14': [ '1.0.3' ],
228 silly audit   '@tsconfig/node16': [ '1.0.4' ],
228 silly audit   '@tybys/wasm-util': [ '0.10.1' ],
228 silly audit   '@types/babel__core': [ '7.20.5' ],
228 silly audit   '@types/babel__generator': [ '7.27.0' ],
228 silly audit   '@types/babel__template': [ '7.4.4' ],
228 silly audit   '@types/babel__traverse': [ '7.28.0' ],
228 silly audit   '@types/body-parser': [ '1.19.6' ],
228 silly audit   '@types/connect': [ '3.4.38' ],
228 silly audit   '@types/cookiejar': [ '2.1.5' ],
228 silly audit   '@types/eslint': [ '9.6.1' ],
228 silly audit   '@types/eslint-scope': [ '3.7.7' ],
228 silly audit   '@types/estree': [ '1.0.8' ],
228 silly audit   '@types/express': [ '5.0.6' ],
228 silly audit   '@types/express-serve-static-core': [ '5.1.1' ],
228 silly audit   '@types/http-errors': [ '2.0.5' ],
228 silly audit   '@types/istanbul-lib-coverage': [ '2.0.6' ],
228 silly audit   '@types/istanbul-lib-report': [ '3.0.3' ],
228 silly audit   '@types/istanbul-reports': [ '3.0.4' ],
228 silly audit   '@types/jest': [ '30.0.0' ],
228 silly audit   '@types/json-schema': [ '7.0.15' ],
228 silly audit   '@types/methods': [ '1.1.4' ],
228 silly audit   '@types/node': [ '24.12.2' ],
228 silly audit   '@types/qs': [ '6.15.0' ],
228 silly audit   '@types/range-parser': [ '1.2.7' ],
228 silly audit   '@types/send': [ '1.2.1' ],
228 silly audit   '@types/serve-static': [ '2.2.0' ],
228 silly audit   '@types/stack-utils': [ '2.0.3' ],
228 silly audit   '@types/superagent': [ '8.1.9' ],
228 silly audit   '@types/supertest': [ '7.2.0' ],
228 silly audit   '@types/yargs': [ '17.0.35' ],
228 silly audit   '@types/yargs-parser': [ '21.0.3' ],
228 silly audit   '@typescript-eslint/eslint-plugin': [ '8.58.1' ],
228 silly audit   ignore: [ '7.0.5', '5.3.2' ],
228 silly audit   '@typescript-eslint/parser': [ '8.58.1' ],
228 silly audit   '@typescript-eslint/project-service': [ '8.58.1' ],
228 silly audit   '@typescript-eslint/scope-manager': [ '8.58.1' ],
228 silly audit   '@typescript-eslint/tsconfig-utils': [ '8.58.1' ],
228 silly audit   '@typescript-eslint/type-utils': [ '8.58.1' ],
228 silly audit   '@typescript-eslint/types': [ '8.58.1' ],
228 silly audit   '@typescript-eslint/typescript-estree': [ '8.58.1' ],
228 silly audit   'balanced-match': [ '4.0.4', '1.0.2' ],
228 silly audit   '@typescript-eslint/utils': [ '8.58.1' ],
228 silly audit   '@typescript-eslint/visitor-keys': [ '8.58.1' ],
228 silly audit   '@ungap/structured-clone': [ '1.3.0' ],
228 silly audit   '@unrs/resolver-binding-android-arm-eabi': [ '1.11.1' ],
228 silly audit   '@unrs/resolver-binding-android-arm64': [ '1.11.1' ],
228 silly audit   '@unrs/resolver-binding-darwin-arm64': [ '1.11.1' ],
228 silly audit   '@unrs/resolver-binding-darwin-x64': [ '1.11.1' ],
228 silly audit   '@unrs/resolver-binding-freebsd-x64': [ '1.11.1' ],
228 silly audit   '@unrs/resolver-binding-linux-arm-gnueabihf': [ '1.11.1' ],
228 silly audit   '@unrs/resolver-binding-linux-arm-musleabihf': [ '1.11.1' ],
228 silly audit   '@unrs/resolver-binding-linux-arm64-gnu': [ '1.11.1' ],
228 silly audit   '@unrs/resolver-binding-linux-arm64-musl': [ '1.11.1' ],
228 silly audit   '@unrs/resolver-binding-linux-ppc64-gnu': [ '1.11.1' ],
228 silly audit   '@unrs/resolver-binding-linux-riscv64-gnu': [ '1.11.1' ],
228 silly audit   '@unrs/resolver-binding-linux-riscv64-musl': [ '1.11.1' ],
228 silly audit   '@unrs/resolver-binding-linux-s390x-gnu': [ '1.11.1' ],
228 silly audit   '@unrs/resolver-binding-linux-x64-gnu': [ '1.11.1' ],
228 silly audit   '@unrs/resolver-binding-linux-x64-musl': [ '1.11.1' ],
228 silly audit   '@unrs/resolver-binding-wasm32-wasi': [ '1.11.1' ],
228 silly audit   '@unrs/resolver-binding-win32-arm64-msvc': [ '1.11.1' ],
228 silly audit   '@unrs/resolver-binding-win32-ia32-msvc': [ '1.11.1' ],
228 silly audit   '@unrs/resolver-binding-win32-x64-msvc': [ '1.11.1' ],
228 silly audit   '@webassemblyjs/ast': [ '1.14.1' ],
228 silly audit   '@webassemblyjs/floating-point-hex-parser': [ '1.13.2' ],
228 silly audit   '@webassemblyjs/helper-api-error': [ '1.13.2' ],
228 silly audit   '@webassemblyjs/helper-buffer': [ '1.14.1' ],
228 silly audit   '@webassemblyjs/helper-numbers': [ '1.13.2' ],
228 silly audit   '@webassemblyjs/helper-wasm-bytecode': [ '1.13.2' ],
228 silly audit   '@webassemblyjs/helper-wasm-section': [ '1.14.1' ],
228 silly audit   '@webassemblyjs/ieee754': [ '1.13.2' ],
228 silly audit   '@webassemblyjs/leb128': [ '1.13.2' ],
228 silly audit   '@webassemblyjs/utf8': [ '1.13.2' ],
228 silly audit   '@webassemblyjs/wasm-edit': [ '1.14.1' ],
228 silly audit   '@webassemblyjs/wasm-gen': [ '1.14.1' ],
228 silly audit   '@webassemblyjs/wasm-opt': [ '1.14.1' ],
228 silly audit   '@webassemblyjs/wasm-parser': [ '1.14.1' ],
228 silly audit   '@webassemblyjs/wast-printer': [ '1.14.1' ],
228 silly audit   '@xtuc/ieee754': [ '1.2.0' ],
228 silly audit   '@xtuc/long': [ '4.2.2' ],
228 silly audit   accepts: [ '2.0.0', '1.3.8' ],
228 silly audit   acorn: [ '8.16.0' ],
228 silly audit   'acorn-import-phases': [ '1.0.4' ],
228 silly audit   'acorn-jsx': [ '5.3.2' ],
228 silly audit   'acorn-walk': [ '8.3.5' ],
228 silly audit   'ajv-formats': [ '3.0.1', '2.1.1' ],
228 silly audit   'ajv-keywords': [ '3.5.2', '5.1.0' ],
228 silly audit   'ansi-colors': [ '4.1.3' ],
228 silly audit   'ansi-escapes': [ '4.3.2' ],
228 silly audit   ansis: [ '4.2.0' ],
228 silly audit   anymatch: [ '3.1.3' ],
228 silly audit   picomatch: [ '2.3.2', '4.0.4' ],
228 silly audit   'append-field': [ '1.0.0' ],
228 silly audit   arg: [ '4.1.3' ],
228 silly audit   'array-timsort': [ '1.0.3' ],
228 silly audit   asap: [ '2.0.6' ],
228 silly audit   asynckit: [ '0.4.0' ],
228 silly audit   'babel-jest': [ '30.3.0' ],
228 silly audit   'babel-plugin-istanbul': [ '7.0.1' ],
228 silly audit   'babel-plugin-jest-hoist': [ '30.3.0' ],
228 silly audit   'babel-preset-current-node-syntax': [ '1.2.0' ],
228 silly audit   'babel-preset-jest': [ '30.3.0' ],
228 silly audit   'base64-js': [ '1.5.1' ],
228 silly audit   'baseline-browser-mapping': [ '2.10.16' ],
228 silly audit   bl: [ '4.1.0' ],
228 silly audit   'body-parser': [ '2.2.2' ],
228 silly audit   braces: [ '3.0.3' ],
228 silly audit   browserslist: [ '4.28.2' ],
228 silly audit   'bs-logger': [ '0.2.6' ],
228 silly audit   bser: [ '2.1.1' ],
228 silly audit   buffer: [ '5.7.1' ],
228 silly audit   'buffer-from': [ '1.1.2' ],
228 silly audit   busboy: [ '1.6.0' ],
228 silly audit   bytes: [ '3.1.2' ],
228 silly audit   'call-bind-apply-helpers': [ '1.0.2' ],
228 silly audit   'call-bound': [ '1.0.4' ],
228 silly audit   callsites: [ '3.1.0' ],
228 silly audit   camelcase: [ '5.3.1', '6.3.0' ],
228 silly audit   'caniuse-lite': [ '1.0.30001787' ],
228 silly audit   chalk: [ '4.1.2' ],
228 silly audit   'char-regex': [ '1.0.2' ],
228 silly audit   chardet: [ '2.1.1' ],
228 silly audit   chokidar: [ '4.0.3' ],
228 silly audit   'chrome-trace-event': [ '1.0.4' ],
228 silly audit   'ci-info': [ '4.4.0' ],
228 silly audit   'cjs-module-lexer': [ '2.2.0' ],
228 silly audit   'cli-cursor': [ '3.1.0' ],
228 silly audit   'cli-spinners': [ '2.9.2' ],
228 silly audit   'cli-table3': [ '0.6.5' ],
228 silly audit   'cli-width': [ '4.1.0' ],
228 silly audit   cliui: [ '8.0.1' ],
228 silly audit   clone: [ '1.0.4' ],
228 silly audit   co: [ '4.6.0' ],
228 silly audit   'collect-v8-coverage': [ '1.0.3' ],
228 silly audit   'color-convert': [ '2.0.1' ],
228 silly audit   'color-name': [ '1.1.4' ],
228 silly audit   'combined-stream': [ '1.0.8' ],
228 silly audit   commander: [ '4.1.1', '2.20.3' ],
228 silly audit   'comment-json': [ '4.6.2' ],
228 silly audit   'component-emitter': [ '1.3.1' ],
228 silly audit   'concat-map': [ '0.0.1' ],
228 silly audit   'concat-stream': [ '2.0.0' ],
228 silly audit   consola: [ '3.4.2' ],
228 silly audit   'content-disposition': [ '1.1.0' ],
228 silly audit   'content-type': [ '1.0.5' ],
228 silly audit   'convert-source-map': [ '2.0.0' ],
228 silly audit   cookie: [ '0.7.2' ],
228 silly audit   'cookie-signature': [ '1.2.2' ],
228 silly audit   cookiejar: [ '2.1.4' ],
228 silly audit   cors: [ '2.8.6' ],
228 silly audit   cosmiconfig: [ '8.3.6' ],
228 silly audit   'create-require': [ '1.1.1' ],
228 silly audit   'cross-spawn': [ '7.0.6' ],
228 silly audit   debug: [ '4.4.3' ],
228 silly audit   dedent: [ '1.7.2' ],
228 silly audit   'deep-is': [ '0.1.4' ],
228 silly audit   deepmerge: [ '4.3.1' ],
228 silly audit   defaults: [ '1.0.4' ],
228 silly audit   'delayed-stream': [ '1.0.0' ],
228 silly audit   depd: [ '2.0.0' ],
228 silly audit   'detect-newline': [ '3.1.0' ],
228 silly audit   dezalgo: [ '1.0.4' ],
228 silly audit   diff: [ '4.0.4' ],
228 silly audit   'dunder-proto': [ '1.0.1' ],
228 silly audit   eastasianwidth: [ '0.2.0' ],
228 silly audit   'ee-first': [ '1.1.1' ],
228 silly audit   'electron-to-chromium': [ '1.5.332' ],
228 silly audit   emittery: [ '0.13.1' ],
228 silly audit   encodeurl: [ '2.0.0' ],
228 silly audit   'enhanced-resolve': [ '5.20.1' ],
228 silly audit   'error-ex': [ '1.3.4' ],
228 silly audit   'es-define-property': [ '1.0.1' ],
228 silly audit   'es-errors': [ '1.3.0' ],
228 silly audit   'es-module-lexer': [ '2.0.0' ],
228 silly audit   'es-object-atoms': [ '1.1.1' ],
228 silly audit   'es-set-tostringtag': [ '2.1.0' ],
228 silly audit   escalade: [ '3.2.0' ],
228 silly audit   'escape-html': [ '1.0.3' ],
228 silly audit   'escape-string-regexp': [ '4.0.0', '2.0.0' ],
228 silly audit   eslint: [ '9.39.4' ],
228 silly audit   'eslint-config-prettier': [ '10.1.8' ],
228 silly audit   'eslint-plugin-prettier': [ '5.5.5' ],
228 silly audit   'eslint-scope': [ '8.4.0', '5.1.1' ],
228 silly audit   espree: [ '10.4.0' ],
228 silly audit   esprima: [ '4.0.1' ],
228 silly audit   esquery: [ '1.7.0' ],
228 silly audit   esrecurse: [ '4.3.0' ],
228 silly audit   estraverse: [ '5.3.0', '4.3.0' ],
228 silly audit   esutils: [ '2.0.3' ],
228 silly audit   etag: [ '1.8.1' ],
228 silly audit   events: [ '3.3.0' ],
228 silly audit   execa: [ '5.1.1' ],
228 silly audit   'signal-exit': [ '3.0.7', '4.1.0' ],
228 silly audit   'exit-x': [ '0.2.2' ],
228 silly audit   expect: [ '30.3.0' ],
228 silly audit   express: [ '5.2.1' ],
228 silly audit   'fast-deep-equal': [ '3.1.3' ],
228 silly audit   'fast-diff': [ '1.3.0' ],
228 silly audit   'fast-json-stable-stringify': [ '2.1.0' ],
228 silly audit   'fast-levenshtein': [ '2.0.6' ],
228 silly audit   'fast-safe-stringify': [ '2.1.1' ],
228 silly audit   'fast-uri': [ '3.1.0' ],
228 silly audit   'fb-watchman': [ '2.0.2' ],
228 silly audit   fdir: [ '6.5.0' ],
228 silly audit   'file-entry-cache': [ '8.0.0' ],
228 silly audit   'file-type': [ '21.3.4' ],
228 silly audit   'fill-range': [ '7.1.1' ],
228 silly audit   finalhandler: [ '2.1.1' ],
228 silly audit   'flat-cache': [ '4.0.1' ],
228 silly audit   flatted: [ '3.4.2' ],
228 silly audit   'foreground-child': [ '3.3.1' ],
228 silly audit   'fork-ts-checker-webpack-plugin': [ '9.1.0' ],
228 silly audit   'form-data': [ '4.0.5' ],
228 silly audit   'mime-db': [ '1.52.0', '1.54.0' ],
228 silly audit   'mime-types': [ '2.1.35', '3.0.2' ],
228 silly audit   formidable: [ '3.5.4' ],
228 silly audit   forwarded: [ '0.2.0' ],
228 silly audit   fresh: [ '2.0.0' ],
228 silly audit   'fs-extra': [ '10.1.0' ],
228 silly audit   'fs-monkey': [ '1.1.0' ],
228 silly audit   'fs.realpath': [ '1.0.0' ],
228 silly audit   fsevents: [ '2.3.3' ],
228 silly audit   'function-bind': [ '1.1.2' ],
228 silly audit   gensync: [ '1.0.0-beta.2' ],
228 silly audit   'get-caller-file': [ '2.0.5' ],
228 silly audit   'get-intrinsic': [ '1.3.0' ],
228 silly audit   'get-package-type': [ '0.1.0' ],
228 silly audit   'get-proto': [ '1.0.1' ],
228 silly audit   'get-stream': [ '6.0.1' ],
228 silly audit   'glob-parent': [ '6.0.2' ],
228 silly audit   'glob-to-regexp': [ '0.4.1' ],
228 silly audit   gopd: [ '1.2.0' ],
228 silly audit   'graceful-fs': [ '4.2.11' ],
228 silly audit   handlebars: [ '4.7.9' ],
228 silly audit   'source-map': [ '0.6.1', '0.7.4' ],
228 silly audit   'has-flag': [ '4.0.0' ],
228 silly audit   'has-symbols': [ '1.1.0' ],
228 silly audit   'has-tostringtag': [ '1.0.2' ],
228 silly audit   hasown: [ '2.0.2' ],
228 silly audit   'html-escaper': [ '2.0.2' ],
228 silly audit   'http-errors': [ '2.0.1' ],
228 silly audit   'human-signals': [ '2.1.0' ],
228 silly audit   'iconv-lite': [ '0.7.2' ],
228 silly audit   ieee754: [ '1.2.1' ],
228 silly audit   'import-fresh': [ '3.3.1' ],
228 silly audit   'import-local': [ '3.2.0' ],
228 silly audit   imurmurhash: [ '0.1.4' ],
228 silly audit   inflight: [ '1.0.6' ],
228 silly audit   inherits: [ '2.0.4' ],
228 silly audit   'ipaddr.js': [ '1.9.1' ],
228 silly audit   'is-arrayish': [ '0.2.1' ],
228 silly audit   'is-extglob': [ '2.1.1' ],
228 silly audit   'is-fullwidth-code-point': [ '3.0.0' ],
228 silly audit   'is-generator-fn': [ '2.1.0' ],
228 silly audit   'is-glob': [ '4.0.3' ],
228 silly audit   'is-interactive': [ '1.0.0' ],
228 silly audit   'is-number': [ '7.0.0' ],
228 silly audit   'is-promise': [ '4.0.0' ],
228 silly audit   'is-stream': [ '2.0.1' ],
228 silly audit   'is-unicode-supported': [ '0.1.0' ],
228 silly audit   isexe: [ '2.0.0' ],
228 silly audit   'istanbul-lib-coverage': [ '3.2.2' ],
228 silly audit   'istanbul-lib-instrument': [ '6.0.3' ],
228 silly audit   'istanbul-lib-report': [ '3.0.1' ],
228 silly audit   'istanbul-lib-source-maps': [ '5.0.6' ],
228 silly audit   'istanbul-reports': [ '3.2.0' ],
228 silly audit   iterare: [ '1.2.1' ],
228 silly audit   jackspeak: [ '3.4.3' ],
228 silly audit   jest: [ '30.3.0' ],
228 silly audit   'jest-changed-files': [ '30.3.0' ],
228 silly audit   'jest-circus': [ '30.3.0' ],
228 silly audit   'jest-cli': [ '30.3.0' ],
228 silly audit   'jest-config': [ '30.3.0' ],
228 silly audit   'jest-diff': [ '30.3.0' ],
228 silly audit   'jest-docblock': [ '30.2.0' ],
228 silly audit   'jest-each': [ '30.3.0' ],
228 silly audit   'jest-environment-node': [ '30.3.0' ],
228 silly audit   'jest-haste-map': [ '30.3.0' ],
228 silly audit   'jest-leak-detector': [ '30.3.0' ],
228 silly audit   'jest-matcher-utils': [ '30.3.0' ],
228 silly audit   'jest-message-util': [ '30.3.0' ],
228 silly audit   'jest-mock': [ '30.3.0' ],
228 silly audit   'jest-pnp-resolver': [ '1.2.3' ],
228 silly audit   'jest-regex-util': [ '30.0.1' ],
228 silly audit   'jest-resolve': [ '30.3.0' ],
228 silly audit   'jest-resolve-dependencies': [ '30.3.0' ],
228 silly audit   'jest-runner': [ '30.3.0' ],
228 silly audit   'source-map-support': [ '0.5.13', '0.5.21' ],
228 silly audit   'jest-runtime': [ '30.3.0' ],
228 silly audit   'jest-snapshot': [ '30.3.0' ],
228 silly audit   'jest-util': [ '30.3.0' ],
228 silly audit   'jest-validate': [ '30.3.0' ],
228 silly audit   'jest-watcher': [ '30.3.0' ],
228 silly audit   'jest-worker': [ '30.3.0', '27.5.1' ],
228 silly audit   'supports-color': [ '8.1.1', '7.2.0' ],
228 silly audit   'js-tokens': [ '4.0.0' ],
228 silly audit   jsesc: [ '3.1.0' ],
228 silly audit   'json-buffer': [ '3.0.1' ],
228 silly audit   'json-parse-even-better-errors': [ '2.3.1' ],
228 silly audit   'json-stable-stringify-without-jsonify': [ '1.0.1' ],
228 silly audit   json5: [ '2.2.3' ],
228 silly audit   'jsonc-parser': [ '3.3.1' ],
228 silly audit   jsonfile: [ '6.2.0' ],
228 silly audit   keyv: [ '4.5.4' ],
228 silly audit   leven: [ '3.1.0' ],
228 silly audit   levn: [ '0.4.1' ],
228 silly audit   'lines-and-columns': [ '1.2.4' ],
228 silly audit   'load-esm': [ '1.0.3' ],
228 silly audit   'loader-runner': [ '4.3.1' ],
228 silly audit   lodash: [ '4.18.1' ],
228 silly audit   'lodash.memoize': [ '4.1.2' ],
228 silly audit   'lodash.merge': [ '4.6.2' ],
228 silly audit   'log-symbols': [ '4.1.0' ],
228 silly audit   'magic-string': [ '0.30.17' ],
228 silly audit   'make-dir': [ '4.0.0' ],
228 silly audit   'make-error': [ '1.3.6' ],
228 silly audit   makeerror: [ '1.0.12' ],
228 silly audit   'math-intrinsics': [ '1.1.0' ],
228 silly audit   'media-typer': [ '1.1.0', '0.3.0' ],
228 silly audit   memfs: [ '3.5.3' ],
228 silly audit   'merge-descriptors': [ '2.0.0' ],
228 silly audit   'merge-stream': [ '2.0.0' ],
228 silly audit   methods: [ '1.1.2' ],
228 silly audit   micromatch: [ '4.0.8' ],
228 silly audit   mime: [ '2.6.0' ],
228 silly audit   'mimic-fn': [ '2.1.0' ],
228 silly audit   minimist: [ '1.2.8' ],
228 silly audit   minipass: [ '7.1.3' ],
228 silly audit   ms: [ '2.1.3' ],
228 silly audit   multer: [ '2.1.1' ],
228 silly audit   'type-is': [ '1.6.18', '2.0.1' ],
228 silly audit   'mute-stream': [ '2.0.0' ],
228 silly audit   'napi-postinstall': [ '0.3.4' ],
228 silly audit   'natural-compare': [ '1.4.0' ],
228 silly audit   negotiator: [ '1.0.0', '0.6.3' ],
228 silly audit   'neo-async': [ '2.6.2' ],
228 silly audit   'node-abort-controller': [ '3.1.1' ],
228 silly audit   'node-emoji': [ '1.11.0' ],
228 silly audit   'node-int64': [ '0.4.0' ],
228 silly audit   'node-releases': [ '2.0.37' ],
228 silly audit   'normalize-path': [ '3.0.0' ],
228 silly audit   'npm-run-path': [ '4.0.1' ],
228 silly audit   'object-assign': [ '4.1.1' ],
228 silly audit   'object-inspect': [ '1.13.4' ],
228 silly audit   'on-finished': [ '2.4.1' ],
228 silly audit   once: [ '1.4.0' ],
228 silly audit   onetime: [ '5.1.2' ],
228 silly audit   optionator: [ '0.9.4' ],
228 silly audit   ora: [ '5.4.1' ],
228 silly audit   'p-try': [ '2.2.0' ],
228 silly audit   'package-json-from-dist': [ '1.0.1' ],
228 silly audit   'parent-module': [ '1.0.1' ],
228 silly audit   'parse-json': [ '5.2.0' ],
228 silly audit   parseurl: [ '1.3.3' ],
228 silly audit   'path-exists': [ '4.0.0' ],
228 silly audit   'path-is-absolute': [ '1.0.1' ],
228 silly audit   'path-key': [ '3.1.1' ],
228 silly audit   'path-to-regexp': [ '8.4.2' ],
228 silly audit   'path-type': [ '4.0.0' ],
228 silly audit   picocolors: [ '1.1.1' ],
228 silly audit   pirates: [ '4.0.7' ],
228 silly audit   'pkg-dir': [ '4.2.0' ],
228 silly audit   pluralize: [ '8.0.0' ],
228 silly audit   'prelude-ls': [ '1.2.1' ],
228 silly audit   prettier: [ '3.8.1' ],
228 silly audit   'prettier-linter-helpers': [ '1.0.1' ],
228 silly audit   'pretty-format': [ '30.3.0' ],
228 silly audit   'proxy-addr': [ '2.0.7' ],
228 silly audit   punycode: [ '2.3.1' ],
228 silly audit   'pure-rand': [ '7.0.1' ],
228 silly audit   qs: [ '6.15.0' ],
228 silly audit   'range-parser': [ '1.2.1' ],
228 silly audit   'raw-body': [ '3.0.2' ],
228 silly audit   'react-is': [ '18.3.1' ],
228 silly audit   'readable-stream': [ '3.6.2' ],
228 silly audit   readdirp: [ '4.1.2' ],
228 silly audit   'reflect-metadata': [ '0.2.2' ],
228 silly audit   'require-directory': [ '2.1.1' ],
228 silly audit   'require-from-string': [ '2.0.2' ],
228 silly audit   'resolve-cwd': [ '3.0.0' ],
228 silly audit   'restore-cursor': [ '3.1.0' ],
228 silly audit   router: [ '2.2.0' ],
228 silly audit   'safe-buffer': [ '5.2.1' ],
228 silly audit   'safer-buffer': [ '2.1.2' ],
228 silly audit   'schema-utils': [ '3.3.0', '4.3.3' ],
228 silly audit   send: [ '1.2.1' ],
228 silly audit   'serve-static': [ '2.2.1' ],
228 silly audit   setprototypeof: [ '1.2.0' ],
228 silly audit   'shebang-command': [ '2.0.0' ],
228 silly audit   'shebang-regex': [ '3.0.0' ],
228 silly audit   'side-channel': [ '1.1.0' ],
228 silly audit   'side-channel-list': [ '1.0.0' ],
228 silly audit   'side-channel-map': [ '1.0.1' ],
228 silly audit   'side-channel-weakmap': [ '1.0.2' ],
228 silly audit   slash: [ '3.0.0' ],
228 silly audit   'sprintf-js': [ '1.0.3' ],
228 silly audit   'stack-utils': [ '2.0.6' ],
228 silly audit   statuses: [ '2.0.2' ],
228 silly audit   streamsearch: [ '1.1.0' ],
228 silly audit   string_decoder: [ '1.3.0' ],
228 silly audit   'string-length': [ '4.0.2' ],
228 silly audit   'strip-bom': [ '4.0.0', '3.0.0' ],
228 silly audit   'strip-final-newline': [ '2.0.0' ],
228 silly audit   'strip-json-comments': [ '3.1.1' ],
228 silly audit   strtok3: [ '10.3.5' ],
228 silly audit   superagent: [ '10.3.0' ],
228 silly audit   supertest: [ '7.2.2' ],
228 silly audit   'symbol-observable': [ '4.0.0' ],
228 silly audit   synckit: [ '0.11.12' ],
228 silly audit   tapable: [ '2.3.2' ],
228 silly audit   terser: [ '5.46.1' ],
228 silly audit   'terser-webpack-plugin': [ '5.4.0' ],
228 silly audit   'test-exclude': [ '6.0.0' ],
228 silly audit   tinyglobby: [ '0.2.16' ],
228 silly audit   tmpl: [ '1.0.5' ],
228 silly audit   'to-regex-range': [ '5.0.1' ],
228 silly audit   toidentifier: [ '1.0.1' ],
228 silly audit   'token-types': [ '6.1.2' ],
228 silly audit   'ts-api-utils': [ '2.5.0' ],
228 silly audit   'ts-jest': [ '29.4.9' ],
228 silly audit   'type-fest': [ '4.41.0', '0.21.3' ],
228 silly audit   'ts-loader': [ '9.5.7' ],
228 silly audit   'ts-node': [ '10.9.2' ],
228 silly audit   'tsconfig-paths': [ '4.2.0' ],
228 silly audit   'tsconfig-paths-webpack-plugin': [ '4.2.0' ],
228 silly audit   tslib: [ '2.8.1' ],
228 silly audit   'type-check': [ '0.4.0' ],
228 silly audit   'type-detect': [ '4.0.8' ],
228 silly audit   typedarray: [ '0.0.6' ],
228 silly audit   typescript: [ '5.9.3' ],
228 silly audit   'typescript-eslint': [ '8.58.1' ],
228 silly audit   'uglify-js': [ '3.19.3' ],
228 silly audit   uid: [ '2.0.2' ],
228 silly audit   'uint8array-extras': [ '1.5.0' ],
228 silly audit   'undici-types': [ '7.16.0' ],
228 silly audit   universalify: [ '2.0.1' ],
228 silly audit   unpipe: [ '1.0.0' ],
228 silly audit   'unrs-resolver': [ '1.11.1' ],
228 silly audit   'update-browserslist-db': [ '1.2.3' ],
228 silly audit   'uri-js': [ '4.4.1' ],
228 silly audit   'util-deprecate': [ '1.0.2' ],
228 silly audit   'v8-compile-cache-lib': [ '3.0.1' ],
228 silly audit   'v8-to-istanbul': [ '9.3.0' ],
228 silly audit   vary: [ '1.1.2' ],
228 silly audit   walker: [ '1.0.8' ],
228 silly audit   watchpack: [ '2.5.1' ],
228 silly audit   wcwidth: [ '1.0.1' ],
228 silly audit   webpack: [ '5.105.4' ],
228 silly audit   'webpack-node-externals': [ '3.0.0' ],
228 silly audit   'webpack-sources': [ '3.3.4' ],
228 silly audit   which: [ '2.0.2' ],
228 silly audit   'word-wrap': [ '1.2.5' ],
228 silly audit   wordwrap: [ '1.0.0' ],
228 silly audit   wrappy: [ '1.0.2' ],
228 silly audit   'write-file-atomic': [ '5.0.1' ],
228 silly audit   y18n: [ '5.0.8' ],
228 silly audit   yallist: [ '3.1.1' ],
228 silly audit   yargs: [ '17.7.2' ],
228 silly audit   'yargs-parser': [ '21.1.1' ],
228 silly audit   yn: [ '3.1.1' ],
228 silly audit   'yocto-queue': [ '0.1.0' ],
228 silly audit   'yoctocolors-cjs': [ '2.1.3' ],
228 silly audit   '@google/generative-ai': [ '0.24.1' ],
228 silly audit   '@nestjs/platform-socket.io': [ '11.1.18' ],
228 silly audit   '@nestjs/websockets': [ '11.1.18' ],
228 silly audit   '@prisma/client': [ '7.7.0' ],
228 silly audit   axios: [ '1.14.0' ],
228 silly audit   'socket.io': [ '4.8.3' ],
228 silly audit   'object-hash': [ '3.0.0' ],
228 silly audit   'follow-redirects': [ '1.15.11' ],
228 silly audit   'proxy-from-env': [ '2.1.0' ],
228 silly audit   base64id: [ '2.0.0' ],
228 silly audit   'engine.io': [ '6.6.6' ],
228 silly audit   'socket.io-adapter': [ '2.5.6' ],
228 silly audit   'socket.io-parser': [ '4.2.6' ],
228 silly audit   '@types/cors': [ '2.8.19' ],
228 silly audit   '@types/ws': [ '8.18.1' ],
228 silly audit   'engine.io-parser': [ '5.2.3' ],
228 silly audit   ws: [ '8.18.3' ],
228 silly audit   '@socket.io/component-emitter': [ '3.1.2' ]
228 silly audit }
229 http cache @socket.io/component-emitter@https://registry.npmjs.org/@socket.io/component-emitter/-/component-emitter-3.1.2.tgz 0ms (cache hit)
230 http cache ws@https://registry.npmjs.org/ws/-/ws-8.18.3.tgz 0ms (cache hit)
231 http cache @types/cors@https://registry.npmjs.org/@types/cors/-/cors-2.8.19.tgz 0ms (cache hit)
232 http cache @types/ws@https://registry.npmjs.org/@types/ws/-/ws-8.18.1.tgz 0ms (cache hit)
233 http cache engine.io-parser@https://registry.npmjs.org/engine.io-parser/-/engine.io-parser-5.2.3.tgz 0ms (cache hit)
234 http cache engine.io@https://registry.npmjs.org/engine.io/-/engine.io-6.6.6.tgz 0ms (cache hit)
235 http cache socket.io-parser@https://registry.npmjs.org/socket.io-parser/-/socket.io-parser-4.2.6.tgz 0ms (cache hit)
236 http cache negotiator@https://registry.npmjs.org/negotiator/-/negotiator-0.6.3.tgz 0ms (cache hit)
237 http cache mime-types@https://registry.npmjs.org/mime-types/-/mime-types-2.1.35.tgz 0ms (cache hit)
238 http cache accepts@https://registry.npmjs.org/accepts/-/accepts-1.3.8.tgz 0ms (cache hit)
239 http cache base64id@https://registry.npmjs.org/base64id/-/base64id-2.0.0.tgz 0ms (cache hit)
240 http cache proxy-from-env@https://registry.npmjs.org/proxy-from-env/-/proxy-from-env-2.1.0.tgz 0ms (cache hit)
241 http cache mime-db@https://registry.npmjs.org/mime-db/-/mime-db-1.52.0.tgz 0ms (cache hit)
242 http cache follow-redirects@https://registry.npmjs.org/follow-redirects/-/follow-redirects-1.15.11.tgz 0ms (cache hit)
243 http cache object-hash@https://registry.npmjs.org/object-hash/-/object-hash-3.0.0.tgz 0ms (cache hit)
244 http cache mime-db@https://registry.npmjs.org/mime-db/-/mime-db-1.52.0.tgz 0ms (cache hit)
245 http cache socket.io@https://registry.npmjs.org/socket.io/-/socket.io-4.8.3.tgz 0ms (cache hit)
246 http cache mime-types@https://registry.npmjs.org/mime-types/-/mime-types-2.1.35.tgz 0ms (cache hit)
247 http cache negotiator@https://registry.npmjs.org/negotiator/-/negotiator-0.6.3.tgz 0ms (cache hit)
248 http cache accepts@https://registry.npmjs.org/accepts/-/accepts-1.3.8.tgz 0ms (cache hit)
249 http cache @nestjs/websockets@https://registry.npmjs.org/@nestjs/websockets/-/websockets-11.1.18.tgz 0ms (cache hit)
250 http cache axios@https://registry.npmjs.org/axios/-/axios-1.14.0.tgz 0ms (cache hit)
251 http cache socket.io-adapter@https://registry.npmjs.org/socket.io-adapter/-/socket.io-adapter-2.5.6.tgz 0ms (cache hit)
252 http cache @nestjs/platform-socket.io@https://registry.npmjs.org/@nestjs/platform-socket.io/-/platform-socket.io-11.1.18.tgz 0ms (cache hit)
253 http cache @google/generative-ai@https://registry.npmjs.org/@google/generative-ai/-/generative-ai-0.24.1.tgz 0ms (cache hit)
254 silly tarball no local data for @socket.io/component-emitter@https://registry.npmjs.org/@socket.io/component-emitter/-/component-emitter-3.1.2.tgz. Extracting by manifest.
255 silly tarball no local data for ws@https://registry.npmjs.org/ws/-/ws-8.18.3.tgz. Extracting by manifest.
256 silly tarball no local data for @types/cors@https://registry.npmjs.org/@types/cors/-/cors-2.8.19.tgz. Extracting by manifest.
257 silly tarball no local data for @types/ws@https://registry.npmjs.org/@types/ws/-/ws-8.18.1.tgz. Extracting by manifest.
258 silly tarball no local data for engine.io-parser@https://registry.npmjs.org/engine.io-parser/-/engine.io-parser-5.2.3.tgz. Extracting by manifest.
259 silly tarball no local data for engine.io@https://registry.npmjs.org/engine.io/-/engine.io-6.6.6.tgz. Extracting by manifest.
260 silly tarball no local data for socket.io-parser@https://registry.npmjs.org/socket.io-parser/-/socket.io-parser-4.2.6.tgz. Extracting by manifest.
261 silly tarball no local data for negotiator@https://registry.npmjs.org/negotiator/-/negotiator-0.6.3.tgz. Extracting by manifest.
262 silly tarball no local data for accepts@https://registry.npmjs.org/accepts/-/accepts-1.3.8.tgz. Extracting by manifest.
263 silly tarball no local data for base64id@https://registry.npmjs.org/base64id/-/base64id-2.0.0.tgz. Extracting by manifest.
264 silly tarball no local data for proxy-from-env@https://registry.npmjs.org/proxy-from-env/-/proxy-from-env-2.1.0.tgz. Extracting by manifest.
265 silly tarball no local data for follow-redirects@https://registry.npmjs.org/follow-redirects/-/follow-redirects-1.15.11.tgz. Extracting by manifest.
266 silly tarball no local data for object-hash@https://registry.npmjs.org/object-hash/-/object-hash-3.0.0.tgz. Extracting by manifest.
267 silly tarball no local data for socket.io@https://registry.npmjs.org/socket.io/-/socket.io-4.8.3.tgz. Extracting by manifest.
268 silly tarball no local data for negotiator@https://registry.npmjs.org/negotiator/-/negotiator-0.6.3.tgz. Extracting by manifest.
269 silly tarball no local data for accepts@https://registry.npmjs.org/accepts/-/accepts-1.3.8.tgz. Extracting by manifest.
270 silly tarball no local data for @nestjs/websockets@https://registry.npmjs.org/@nestjs/websockets/-/websockets-11.1.18.tgz. Extracting by manifest.
271 silly tarball no local data for axios@https://registry.npmjs.org/axios/-/axios-1.14.0.tgz. Extracting by manifest.
272 silly tarball no local data for socket.io-adapter@https://registry.npmjs.org/socket.io-adapter/-/socket.io-adapter-2.5.6.tgz. Extracting by manifest.
273 silly tarball no local data for @nestjs/platform-socket.io@https://registry.npmjs.org/@nestjs/platform-socket.io/-/platform-socket.io-11.1.18.tgz. Extracting by manifest.
274 silly tarball no local data for @google/generative-ai@https://registry.npmjs.org/@google/generative-ai/-/generative-ai-0.24.1.tgz. Extracting by manifest.
275 http fetch GET 200 https://registry.npmjs.org/socket.io-parser/-/socket.io-parser-4.2.6.tgz 127ms (cache miss)
276 http fetch GET 200 https://registry.npmjs.org/negotiator/-/negotiator-0.6.3.tgz 132ms (cache miss)
277 http fetch GET 200 https://registry.npmjs.org/@types/cors/-/cors-2.8.19.tgz 134ms (cache miss)
278 http fetch GET 200 https://registry.npmjs.org/@types/ws/-/ws-8.18.1.tgz 139ms (cache miss)
279 http fetch GET 200 https://registry.npmjs.org/engine.io-parser/-/engine.io-parser-5.2.3.tgz 145ms (cache miss)
280 http fetch GET 200 https://registry.npmjs.org/engine.io/-/engine.io-6.6.6.tgz 149ms (cache miss)
281 http fetch GET 200 https://registry.npmjs.org/@socket.io/component-emitter/-/component-emitter-3.1.2.tgz 150ms (cache miss)
282 http fetch GET 200 https://registry.npmjs.org/ws/-/ws-8.18.3.tgz 153ms (cache miss)
283 http fetch GET 200 https://registry.npmjs.org/accepts/-/accepts-1.3.8.tgz 228ms (cache miss)
284 http fetch GET 200 https://registry.npmjs.org/negotiator/-/negotiator-0.6.3.tgz 228ms (cache miss)
285 http fetch GET 200 https://registry.npmjs.org/socket.io-adapter/-/socket.io-adapter-2.5.6.tgz 239ms (cache miss)
286 http fetch GET 200 https://registry.npmjs.org/@nestjs/websockets/-/websockets-11.1.18.tgz 262ms (cache miss)
287 http fetch GET 200 https://registry.npmjs.org/@nestjs/platform-socket.io/-/platform-socket.io-11.1.18.tgz 265ms (cache miss)
288 http fetch GET 200 https://registry.npmjs.org/@google/generative-ai/-/generative-ai-0.24.1.tgz 294ms (cache miss)
289 http fetch POST 200 https://registry.npmjs.org/-/npm/v1/security/advisories/bulk 319ms
290 silly audit report {}
291 http fetch GET 200 https://registry.npmjs.org/axios/-/axios-1.14.0.tgz 443ms (cache miss)
292 http fetch GET 200 https://registry.npmjs.org/proxy-from-env/-/proxy-from-env-2.1.0.tgz 462ms (cache miss)
293 http fetch GET 200 https://registry.npmjs.org/follow-redirects/-/follow-redirects-1.15.11.tgz 471ms (cache miss)
294 http fetch GET 200 https://registry.npmjs.org/base64id/-/base64id-2.0.0.tgz 472ms (cache miss)
295 http fetch GET 200 https://registry.npmjs.org/object-hash/-/object-hash-3.0.0.tgz 472ms (cache miss)
296 http fetch GET 200 https://registry.npmjs.org/accepts/-/accepts-1.3.8.tgz 491ms (cache miss)
297 http fetch GET 200 https://registry.npmjs.org/socket.io/-/socket.io-4.8.3.tgz 606ms (cache miss)
298 silly ADD node_modules/@socket.io/component-emitter
299 silly ADD node_modules/ws
300 silly ADD node_modules/engine.io-parser
301 silly ADD node_modules/@types/ws
302 silly ADD node_modules/@types/cors
303 silly ADD node_modules/socket.io-parser
304 silly ADD node_modules/socket.io-adapter
305 silly ADD node_modules/engine.io
306 silly ADD node_modules/engine.io/node_modules/mime-db
307 silly ADD node_modules/engine.io/node_modules/negotiator
308 silly ADD node_modules/engine.io/node_modules/mime-types
309 silly ADD node_modules/engine.io/node_modules/accepts
310 silly ADD node_modules/base64id
311 silly ADD node_modules/proxy-from-env
312 silly ADD node_modules/follow-redirects
313 silly ADD node_modules/object-hash
314 silly ADD node_modules/socket.io
315 silly ADD node_modules/socket.io/node_modules/mime-db
316 silly ADD node_modules/socket.io/node_modules/negotiator
317 silly ADD node_modules/socket.io/node_modules/mime-types
318 silly ADD node_modules/socket.io/node_modules/accepts
319 silly ADD node_modules/axios
320 silly ADD node_modules/@nestjs/websockets
321 silly ADD node_modules/@nestjs/platform-socket.io
322 silly ADD node_modules/@google/generative-ai
323 verbose cwd /Users/3designs/456 Coffee/456 Coffee Ecosystem (Version 1.0)/backend
324 verbose os Darwin 25.2.0
325 verbose node v24.11.1
326 verbose npm  v11.6.2
327 verbose exit 0
328 info ok
